DNS_ERROR_ADDRESS_REQUIRED
DNS_ERROR_ALIAS_LOOP
DNS_ERROR_AUTOZONE_ALREADY_EXISTS
DNS_ERROR_AXFR
DNS_ERROR_BACKGROUND_LOADING
DNS_ERROR_BAD_KEYMASTER
DNS_ERROR_BAD_PACKET
DNS_ERROR_CANNOT_FIND_ROOT_HINTS
DNS_ERROR_CLIENT_SUBNET_ALREADY_EXISTS
DNS_ERROR_CLIENT_SUBNET_DOES_NOT_EXIST
DNS_ERROR_CLIENT_SUBNET_IS_ACCESSED
DNS_ERROR_CNAME_COLLISION
DNS_ERROR_CNAME_LOOP
DNS_ERROR_DATAFILE_OPEN_FAILURE
DNS_ERROR_DATAFILE_PARSING
DNS_ERROR_DEFAULT_SCOPE
DNS_ERROR_DEFAULT_VIRTUALIZATION_INSTANCE
DNS_ERROR_DEFAULT_ZONESCOPE
DNS_ERROR_DELEGATION_REQUIRED
DNS_ERROR_DNAME_COLLISION
DNS_ERROR_DNSSEC_IS_DISABLED
DNS_ERROR_DP_ALREADY_ENLISTED
DNS_ERROR_DP_ALREADY_EXISTS
DNS_ERROR_DP_DOES_NOT_EXIST
DNS_ERROR_DP_FSMO_ERROR
DNS_ERROR_DP_NOT_AVAILABLE
DNS_ERROR_DP_NOT_ENLISTED
DNS_ERROR_DS_UNAVAILABLE
DNS_ERROR_DS_ZONE_ALREADY_EXISTS
DNS_ERROR_DWORD_VALUE_TOO_LARGE
DNS_ERROR_DWORD_VALUE_TOO_SMALL
DNS_ERROR_FILE_WRITEBACK_FAILED
DNS_ERROR_FORWARDER_ALREADY_EXISTS
DNS_ERROR_INCONSISTENT_ROOT_HINTS
DNS_ERROR_INVAILD_VIRTUALIZATION_INSTANCE_NAME
DNS_ERROR_INVALID_CLIENT_SUBNET_NAME
DNS_ERROR_INVALID_DATA
DNS_ERROR_INVALID_DATAFILE_NAME
DNS_ERROR_INVALID_INITIAL_ROLLOVER_OFFSET
DNS_ERROR_INVALID_IP_ADDRESS
DNS_ERROR_INVALID_KEY_SIZE
DNS_ERROR_INVALID_NAME
DNS_ERROR_INVALID_NAME_CHAR
DNS_ERROR_INVALID_NSEC3_ITERATION_COUNT
DNS_ERROR_INVALID_POLICY_TABLE
DNS_ERROR_INVALID_PROPERTY
DNS_ERROR_INVALID_ROLLOVER_PERIOD
DNS_ERROR_INVALID_SCOPE_NAME
DNS_ERROR_INVALID_SCOPE_OPERATION
DNS_ERROR_INVALID_SIGNATURE_VALIDITY_PERIOD
DNS_ERROR_INVALID_TYPE
DNS_ERROR_INVALID_XML
DNS_ERROR_INVALID_ZONESCOPE_NAME
DNS_ERROR_INVALID_ZONE_OPERATION
DNS_ERROR_INVALID_ZONE_TYPE
DNS_ERROR_KEYMASTER_REQUIRED
DNS_ERROR_KSP_DOES_NOT_SUPPORT_PROTECTION
DNS_ERROR_KSP_NOT_ACCESSIBLE
DNS_ERROR_LOAD_ZONESCOPE_FAILED
DNS_ERROR_NAME_DOES_NOT_EXIST
DNS_ERROR_NAME_NOT_IN_ZONE
DNS_ERROR_NBSTAT_INIT_FAILED
DNS_ERROR_NEED_SECONDARY_ADDRESSES
DNS_ERROR_NEED_WINS_SERVERS
DNS_ERROR_NODE_CREATION_FAILED
DNS_ERROR_NODE_IS_CNAME
DNS_ERROR_NODE_IS_DNAME
DNS_ERROR_NON_RFC_NAME
DNS_ERROR_NOT_ALLOWED_ON_ACTIVE_SKD
DNS_ERROR_NOT_ALLOWED_ON_RODC
DNS_ERROR_NOT_ALLOWED_ON_ROOT_SERVER
DNS_ERROR_NOT_ALLOWED_ON_SIGNED_ZONE
DNS_ERROR_NOT_ALLOWED_ON_UNSIGNED_ZONE
DNS_ERROR_NOT_ALLOWED_ON_ZSK
DNS_ERROR_NOT_ALLOWED_UNDER_DELEGATION
DNS_ERROR_NOT_ALLOWED_UNDER_DNAME
DNS_ERROR_NOT_ALLOWED_WITH_ZONESCOPES
DNS_ERROR_NOT_ENOUGH_SIGNING_KEY_DESCRIPTORS
DNS_ERROR_NOT_UNIQUE
DNS_ERROR_NO_BOOTFILE_IF_DS_ZONE
DNS_ERROR_NO_CREATE_CACHE_DATA
DNS_ERROR_NO_DNS_SERVERS
DNS_ERROR_NO_MEMORY
DNS_ERROR_NO_PACKET
DNS_ERROR_NO_TCPIP
DNS_ERROR_NO_VALID_TRUST_ANCHORS
DNS_ERROR_NO_ZONE_INFO
DNS_ERROR_NSEC3_INCOMPATIBLE_WITH_RSA_SHA1
DNS_ERROR_NSEC3_NAME_COLLISION
DNS_ERROR_NSEC_INCOMPATIBLE_WITH_NSEC3_RSA_SHA1
DNS_ERROR_NUMERIC_NAME
DNS_ERROR_POLICY_ALREADY_EXISTS
DNS_ERROR_POLICY_DOES_NOT_EXIST
DNS_ERROR_POLICY_INVALID_CRITERIA
DNS_ERROR_POLICY_INVALID_CRITERIA_CLIENT_SUBNET
DNS_ERROR_POLICY_INVALID_CRITERIA_FQDN
DNS_ERROR_POLICY_INVALID_CRITERIA_INTERFACE
DNS_ERROR_POLICY_INVALID_CRITERIA_NETWORK_PROTOCOL
DNS_ERROR_POLICY_INVALID_CRITERIA_QUERY_TYPE
DNS_ERROR_POLICY_INVALID_CRITERIA_TIME_OF_DAY
DNS_ERROR_POLICY_INVALID_CRITERIA_TRANSPORT_PROTOCOL
DNS_ERROR_POLICY_INVALID_NAME
DNS_ERROR_POLICY_INVALID_SETTINGS
DNS_ERROR_POLICY_INVALID_WEIGHT
DNS_ERROR_POLICY_LOCKED
DNS_ERROR_POLICY_MISSING_CRITERIA
DNS_ERROR_POLICY_PROCESSING_ORDER_INVALID
DNS_ERROR_POLICY_SCOPE_MISSING
DNS_ERROR_POLICY_SCOPE_NOT_ALLOWED
DNS_ERROR_PRIMARY_REQUIRES_DATAFILE
DNS_ERROR_RCODE
DNS_ERROR_RCODE_BADKEY
DNS_ERROR_RCODE_BADSIG
DNS_ERROR_RCODE_BADTIME
DNS_ERROR_RCODE_FORMAT_ERROR
DNS_ERROR_RCODE_NAME_ERROR
DNS_ERROR_RCODE_NOTAUTH
DNS_ERROR_RCODE_NOTZONE
DNS_ERROR_RCODE_NOT_IMPLEMENTED
DNS_ERROR_RCODE_NXRRSET
DNS_ERROR_RCODE_REFUSED
DNS_ERROR_RCODE_SERVER_FAILURE
DNS_ERROR_RCODE_YXDOMAIN
DNS_ERROR_RCODE_YXRRSET
DNS_ERROR_RECORD_ALREADY_EXISTS
DNS_ERROR_RECORD_DOES_NOT_EXIST
DNS_ERROR_RECORD_FORMAT
DNS_ERROR_RECORD_ONLY_AT_ZONE_ROOT
DNS_ERROR_RECORD_TIMED_OUT
DNS_ERROR_ROLLOVER_ALREADY_QUEUED
DNS_ERROR_ROLLOVER_IN_PROGRESS
DNS_ERROR_ROLLOVER_NOT_POKEABLE
DNS_ERROR_RRL_INVALID_IPV4_PREFIX
DNS_ERROR_RRL_INVALID_IPV6_PREFIX
DNS_ERROR_RRL_INVALID_LEAK_RATE
DNS_ERROR_RRL_INVALID_TC_RATE
DNS_ERROR_RRL_INVALID_WINDOW_SIZE
DNS_ERROR_RRL_LEAK_RATE_LESSTHAN_TC_RATE
DNS_ERROR_RRL_NOT_ENABLED
DNS_ERROR_SCOPE_ALREADY_EXISTS
DNS_ERROR_SCOPE_DOES_NOT_EXIST
DNS_ERROR_SCOPE_LOCKED
DNS_ERROR_SECONDARY_DATA
DNS_ERROR_SECONDARY_REQUIRES_MASTER_IP
DNS_ERROR_SERVERSCOPE_IS_REFERENCED
DNS_ERROR_SIGNING_KEY_NOT_ACCESSIBLE
DNS_ERROR_SOA_DELETE_INVALID
DNS_ERROR_STANDBY_KEY_NOT_PRESENT
DNS_ERROR_SUBNET_ALREADY_EXISTS
DNS_ERROR_SUBNET_DOES_NOT_EXIST
DNS_ERROR_TOO_MANY_SKDS
DNS_ERROR_TRY_AGAIN_LATER
DNS_ERROR_UNEXPECTED_CNG_ERROR
DNS_ERROR_UNEXPECTED_DATA_PROTECTION_ERROR
DNS_ERROR_UNKNOWN_RECORD_TYPE
DNS_ERROR_UNKNOWN_SIGNING_PARAMETER_VERSION
DNS_ERROR_UNSECURE_PACKET
DNS_ERROR_UNSUPPORTED_ALGORITHM
DNS_ERROR_VIRTUALIZATION_INSTANCE_ALREADY_EXISTS
DNS_ERROR_VIRTUALIZATION_INSTANCE_DOES_NOT_EXIST
DNS_ERROR_VIRTUALIZATION_TREE_LOCKED
DNS_ERROR_WINS_INIT_FAILED
DNS_ERROR_ZONESCOPE_ALREADY_EXISTS
DNS_ERROR_ZONESCOPE_DOES_NOT_EXIST
DNS_ERROR_ZONESCOPE_FILE_WRITEBACK_FAILED
DNS_ERROR_ZONESCOPE_IS_REFERENCED
DNS_ERROR_ZONE_ALREADY_EXISTS
DNS_ERROR_ZONE_CONFIGURATION_ERROR
DNS_ERROR_ZONE_CREATION_FAILED
DNS_ERROR_ZONE_DOES_NOT_EXIST
DNS_ERROR_ZONE_HAS_NO_NS_RECORDS
DNS_ERROR_ZONE_HAS_NO_SOA_RECORD
DNS_ERROR_ZONE_IS_SHUTDOWN
DNS_ERROR_ZONE_LOCKED
DNS_ERROR_ZONE_LOCKED_FOR_SIGNING
DNS_ERROR_ZONE_NOT_SECONDARY
DNS_ERROR_ZONE_REQUIRES_MASTER_IP
ERROR_ABANDONED_WAIT_0
ERROR_ABANDONED_WAIT_63
ERROR_ABANDON_HIBERFILE
ERROR_ABIOS_ERROR
ERROR_ACCESS_AUDIT_BY_POLICY
ERROR_ACCESS_DENIED
ERROR_ACCESS_DENIED_APPDATA
ERROR_ACCESS_DISABLED_BY_POLICY
ERROR_ACCESS_DISABLED_NO_SAFER_UI_BY_POLICY
ERROR_ACCESS_DISABLED_WEBBLADE
ERROR_ACCESS_DISABLED_WEBBLADE_TAMPER
ERROR_ACCOUNT_DISABLED
ERROR_ACCOUNT_EXPIRED
ERROR_ACCOUNT_LOCKED_OUT
ERROR_ACCOUNT_RESTRICTION
ERROR_ACPI_ERROR
ERROR_ACTIVE_CONNECTIONS
ERROR_ADAP_HDW_ERR
ERROR_ADDRESS_ALREADY_ASSOCIATED
ERROR_ADDRESS_NOT_ASSOCIATED
ERROR_ALERTED
ERROR_ALIAS_EXISTS
ERROR_ALLOCATE_BUCKET
ERROR_ALLOTTED_SPACE_EXCEEDED
ERROR_ALL_USER_TRUST_QUOTA_EXCEEDED
ERROR_ALREADY_ASSIGNED
ERROR_ALREADY_EXISTS
ERROR_ALREADY_FIBER
ERROR_ALREADY_HAS_STREAM_ID
ERROR_ALREADY_INITIALIZED
ERROR_ALREADY_REGISTERED
ERROR_ALREADY_RUNNING_LKG
ERROR_ALREADY_THREAD
ERROR_ALREADY_WAITING
ERROR_ALREADY_WIN32
ERROR_API_UNAVAILABLE
ERROR_APPCONTAINER_REQUIRED
ERROR_APPEXEC_APP_COMPAT_BLOCK
ERROR_APPEXEC_CALLER_WAIT_TIMEOUT
ERROR_APPEXEC_CALLER_WAIT_TIMEOUT_LICENSING
ERROR_APPEXEC_CALLER_WAIT_TIMEOUT_RESOURCES
ERROR_APPEXEC_CALLER_WAIT_TIMEOUT_TERMINATION
ERROR_APPEXEC_CONDITION_NOT_SATISFIED
ERROR_APPEXEC_HANDLE_INVALIDATED
ERROR_APPEXEC_HOST_ID_MISMATCH
ERROR_APPEXEC_INVALID_HOST_GENERATION
ERROR_APPEXEC_INVALID_HOST_STATE
ERROR_APPEXEC_NO_DONOR
ERROR_APPEXEC_UNEXPECTED_PROCESS_REGISTRATION
ERROR_APPEXEC_UNKNOWN_USER
ERROR_APPHELP_BLOCK
ERROR_APPX_FILE_NOT_ENCRYPTED
ERROR_APP_HANG
ERROR_APP_INIT_FAILURE
ERROR_APP_WRONG_OS
ERROR_ARBITRATION_UNHANDLED
ERROR_ARENA_TRASHED
ERROR_ARITHMETIC_OVERFLOW
ERROR_ASSERTION_FAILURE
ERROR_ATOMIC_LOCKS_NOT_SUPPORTED
ERROR_AUDIT_FAILED
ERROR_AUTHENTICATION_FIREWALL_FAILED
ERROR_AUTHIP_FAILURE
ERROR_AUTODATASEG_EXCEEDS_64k
ERROR_BACKUP_CONTROLLER
ERROR_BADDB
ERROR_BADKEY
ERROR_BADSTARTPOSITION
ERROR_BAD_ACCESSOR_FLAGS
ERROR_BAD_ARGUMENTS
ERROR_BAD_COMMAND
ERROR_BAD_COMPRESSION_BUFFER
ERROR_BAD_CONFIGURATION
ERROR_BAD_CURRENT_DIRECTORY
ERROR_BAD_DESCRIPTOR_FORMAT
ERROR_BAD_DEVICE
ERROR_BAD_DEVICE_PATH
ERROR_BAD_DEV_TYPE
ERROR_BAD_DLL_ENTRYPOINT
ERROR_BAD_DRIVER_LEVEL
ERROR_BAD_ENVIRONMENT
ERROR_BAD_EXE_FORMAT
ERROR_BAD_FILE_TYPE
ERROR_BAD_FORMAT
ERROR_BAD_FUNCTION_TABLE
ERROR_BAD_IMPERSONATION_LEVEL
ERROR_BAD_INHERITANCE_ACL
ERROR_BAD_LENGTH
ERROR_BAD_LOGON_SESSION_STATE
ERROR_BAD_MCFG_TABLE
ERROR_BAD_NETPATH
ERROR_BAD_NET_NAME
ERROR_BAD_NET_RESP
ERROR_BAD_PATHNAME
ERROR_BAD_PIPE
ERROR_BAD_PROFILE
ERROR_BAD_PROVIDER
ERROR_BAD_QUERY_SYNTAX
ERROR_BAD_RECOVERY_POLICY
ERROR_BAD_REM_ADAP
ERROR_BAD_SERVICE_ENTRYPOINT
ERROR_BAD_STACK
ERROR_BAD_THREADID_ADDR
ERROR_BAD_TOKEN_TYPE
ERROR_BAD_UNIT
ERROR_BAD_USERNAME
ERROR_BAD_USER_PROFILE
ERROR_BAD_VALIDATION_CLASS
ERROR_BEGINNING_OF_MEDIA
ERROR_BEYOND_VDL
ERROR_BIOS_FAILED_TO_CONNECT_INTERRUPT
ERROR_BLOCKED_BY_PARENTAL_CONTROLS
ERROR_BLOCK_SHARED
ERROR_BLOCK_SOURCE_WEAK_REFERENCE_INVALID
ERROR_BLOCK_TARGET_WEAK_REFERENCE_INVALID
ERROR_BLOCK_TOO_MANY_REFERENCES
ERROR_BLOCK_WEAK_REFERENCE_INVALID
ERROR_BOOT_ALREADY_ACCEPTED
ERROR_BROKEN_PIPE
ERROR_BUFFER_ALL_ZEROS
ERROR_BUFFER_OVERFLOW
ERROR_BUSY
ERROR_BUSY_DRIVE
ERROR_BUS_RESET
ERROR_BYPASSIO_FLT_NOT_SUPPORTED
ERROR_CACHE_PAGE_LOCKED
ERROR_CALLBACK_INVOKE_INLINE
ERROR_CALLBACK_POP_STACK
ERROR_CALLBACK_SUPPLIED_INVALID_DATA
ERROR_CALL_NOT_IMPLEMENTED
ERROR_CANCELLED
ERROR_CANCEL_VIOLATION
ERROR_CANNOT_BREAK_OPLOCK
ERROR_CANNOT_COPY
ERROR_CANNOT_DETECT_DRIVER_FAILURE
ERROR_CANNOT_DETECT_PROCESS_ABORT
ERROR_CANNOT_FIND_WND_CLASS
ERROR_CANNOT_GRANT_REQUESTED_OPLOCK
ERROR_CANNOT_IMPERSONATE
ERROR_CANNOT_LOAD_REGISTRY_FILE
ERROR_CANNOT_MAKE
ERROR_CANNOT_OPEN_PROFILE
ERROR_CANTFETCHBACKWARDS
ERROR_CANTOPEN
ERROR_CANTREAD
ERROR_CANTSCROLLBACKWARDS
ERROR_CANTWRITE
ERROR_CANT_ACCESS_DOMAIN_INFO
ERROR_CANT_ACCESS_FILE
ERROR_CANT_CLEAR_ENCRYPTION_FLAG
ERROR_CANT_DISABLE_MANDATORY
ERROR_CANT_ENABLE_DENY_ONLY
ERROR_CANT_OPEN_ANONYMOUS
ERROR_CANT_RESOLVE_FILENAME
ERROR_CANT_TERMINATE_SELF
ERROR_CANT_WAIT
ERROR_CAN_NOT_COMPLETE
ERROR_CAPAUTHZ_CHANGE_TYPE
ERROR_CAPAUTHZ_DB_CORRUPTED
ERROR_CAPAUTHZ_NOT_AUTHORIZED
ERROR_CAPAUTHZ_NOT_DEVUNLOCKED
ERROR_CAPAUTHZ_NOT_PROVISIONED
ERROR_CAPAUTHZ_NO_POLICY
ERROR_CAPAUTHZ_SCCD_DEV_MODE_REQUIRED
ERROR_CAPAUTHZ_SCCD_INVALID_CATALOG
ERROR_CAPAUTHZ_SCCD_NO_AUTH_ENTITY
ERROR_CAPAUTHZ_SCCD_NO_CAPABILITY_MATCH
ERROR_CAPAUTHZ_SCCD_PARSE_ERROR
ERROR_CARDBUS_NOT_SUPPORTED
ERROR_CASE_DIFFERING_NAMES_IN_DIR
ERROR_CASE_SENSITIVE_PATH
ERROR_CERTIFICATE_VALIDATION_PREFERENCE_CONFLICT
ERROR_CHECKING_FILE_SYSTEM
ERROR_CHECKOUT_REQUIRED
ERROR_CHILD_MUST_BE_VOLATILE
ERROR_CHILD_NOT_COMPLETE
ERROR_CHILD_PROCESS_BLOCKED
ERROR_CHILD_WINDOW_MENU
ERROR_CIMFS_IMAGE_CORRUPT
ERROR_CIMFS_IMAGE_VERSION_NOT_SUPPORTED
ERROR_CIRCULAR_DEPENDENCY
ERROR_CLASS_ALREADY_EXISTS
ERROR_CLASS_DOES_NOT_EXIST
ERROR_CLASS_HAS_WINDOWS
ERROR_CLIENT_SERVER_PARAMETERS_INVALID
ERROR_CLIPBOARD_NOT_OPEN
ERROR_CLOUD_FILE_ACCESS_DENIED
ERROR_CLOUD_FILE_ALREADY_CONNECTED
ERROR_CLOUD_FILE_AUTHENTICATION_FAILED
ERROR_CLOUD_FILE_CONNECTED_PROVIDER_ONLY
ERROR_CLOUD_FILE_DEHYDRATION_DISALLOWED
ERROR_CLOUD_FILE_INCOMPATIBLE_HARDLINKS
ERROR_CLOUD_FILE_INSUFFICIENT_RESOURCES
ERROR_CLOUD_FILE_INVALID_REQUEST
ERROR_CLOUD_FILE_IN_USE
ERROR_CLOUD_FILE_METADATA_CORRUPT
ERROR_CLOUD_FILE_METADATA_TOO_LARGE
ERROR_CLOUD_FILE_NETWORK_UNAVAILABLE
ERROR_CLOUD_FILE_NOT_IN_SYNC
ERROR_CLOUD_FILE_NOT_SUPPORTED
ERROR_CLOUD_FILE_NOT_UNDER_SYNC_ROOT
ERROR_CLOUD_FILE_PINNED
ERROR_CLOUD_FILE_PROPERTY_BLOB_CHECKSUM_MISMATCH
ERROR_CLOUD_FILE_PROPERTY_BLOB_TOO_LARGE
ERROR_CLOUD_FILE_PROPERTY_CORRUPT
ERROR_CLOUD_FILE_PROPERTY_LOCK_CONFLICT
ERROR_CLOUD_FILE_PROPERTY_VERSION_NOT_SUPPORTED
ERROR_CLOUD_FILE_PROVIDER_NOT_RUNNING
ERROR_CLOUD_FILE_PROVIDER_TERMINATED
ERROR_CLOUD_FILE_READ_ONLY_VOLUME
ERROR_CLOUD_FILE_REQUEST_ABORTED
ERROR_CLOUD_FILE_REQUEST_CANCELED
ERROR_CLOUD_FILE_REQUEST_TIMEOUT
ERROR_CLOUD_FILE_SYNC_ROOT_METADATA_CORRUPT
ERROR_CLOUD_FILE_TOO_MANY_PROPERTY_BLOBS
ERROR_CLOUD_FILE_UNSUCCESSFUL
ERROR_CLOUD_FILE_US_MESSAGE_TIMEOUT
ERROR_CLOUD_FILE_VALIDATION_FAILED
ERROR_COMMITMENT_LIMIT
ERROR_COMMITMENT_MINIMUM
ERROR_COMPRESSED_FILE_NOT_SUPPORTED
ERROR_COMPRESSION_DISABLED
ERROR_COMPRESSION_NOT_BENEFICIAL
ERROR_CONNECTED_OTHER_PASSWORD
ERROR_CONNECTED_OTHER_PASSWORD_DEFAULT
ERROR_CONNECTION_ABORTED
ERROR_CONNECTION_ACTIVE
ERROR_CONNECTION_COUNT_LIMIT
ERROR_CONNECTION_INVALID
ERROR_CONNECTION_REFUSED
ERROR_CONNECTION_UNAVAIL
ERROR_CONTAINER_ASSIGNED
ERROR_CONTENT_BLOCKED
ERROR_CONTEXT_EXPIRED
ERROR_CONTINUE
ERROR_CONTROL_C_EXIT
ERROR_CONTROL_ID_NOT_FOUND
ERROR_CONVERT_TO_LARGE
ERROR_CORRUPT_LOG_CLEARED
ERROR_CORRUPT_LOG_CORRUPTED
ERROR_CORRUPT_LOG_DELETED_FULL
ERROR_CORRUPT_LOG_OVERFULL
ERROR_CORRUPT_LOG_UNAVAILABLE
ERROR_CORRUPT_SYSTEM_FILE
ERROR_COULD_NOT_INTERPRET
ERROR_COUNTER_TIMEOUT
ERROR_CPU_SET_INVALID
ERROR_CRASH_DUMP
ERROR_CRC
ERROR_CREATE_FAILED
ERROR_CROSS_PARTITION_VIOLATION
ERROR_CSCSHARE_OFFLINE
ERROR_CS_ENCRYPTION_EXISTING_ENCRYPTED_FILE
ERROR_CS_ENCRYPTION_FILE_NOT_CSE
ERROR_CS_ENCRYPTION_INVALID_SERVER_RESPONSE
ERROR_CS_ENCRYPTION_NEW_ENCRYPTED_FILE
ERROR_CS_ENCRYPTION_UNSUPPORTED_SERVER
ERROR_CTX_CLIENT_QUERY_TIMEOUT
ERROR_CTX_MODEM_RESPONSE_TIMEOUT
ERROR_CURRENT_DIRECTORY
ERROR_CURRENT_DOMAIN_NOT_ALLOWED
ERROR_DATABASE_DOES_NOT_EXIST
ERROR_DATATYPE_MISMATCH
ERROR_DATA_CHECKSUM_ERROR
ERROR_DATA_NOT_ACCEPTED
ERROR_DAX_MAPPING_EXISTS
ERROR_DBG_COMMAND_EXCEPTION
ERROR_DBG_CONTINUE
ERROR_DBG_CONTROL_BREAK
ERROR_DBG_CONTROL_C
ERROR_DBG_EXCEPTION_HANDLED
ERROR_DBG_EXCEPTION_NOT_HANDLED
ERROR_DBG_PRINTEXCEPTION_C
ERROR_DBG_REPLY_LATER
ERROR_DBG_RIPEXCEPTION
ERROR_DBG_TERMINATE_PROCESS
ERROR_DBG_TERMINATE_THREAD
ERROR_DBG_UNABLE_TO_PROVIDE_HANDLE
ERROR_DC_NOT_FOUND
ERROR_DDE_FAIL
ERROR_DEBUGGER_INACTIVE
ERROR_DEBUG_ATTACH_FAILED
ERROR_DECRYPTION_FAILED
ERROR_DELAY_LOAD_FAILED
ERROR_DELETE_PENDING
ERROR_DEPENDENT_SERVICES_RUNNING
ERROR_DESTINATION_ELEMENT_FULL
ERROR_DESTROY_OBJECT_OF_OTHER_THREAD
ERROR_DEVICE_ALREADY_ATTACHED
ERROR_DEVICE_ALREADY_REMEMBERED
ERROR_DEVICE_DOOR_OPEN
ERROR_DEVICE_ENUMERATION_ERROR
ERROR_DEVICE_FEATURE_NOT_SUPPORTED
ERROR_DEVICE_HARDWARE_ERROR
ERROR_DEVICE_HINT_NAME_BUFFER_TOO_SMALL
ERROR_DEVICE_IN_MAINTENANCE
ERROR_DEVICE_IN_USE
ERROR_DEVICE_NOT_CONNECTED
ERROR_DEVICE_NOT_PARTITIONED
ERROR_DEVICE_NO_RESOURCES
ERROR_DEVICE_REINITIALIZATION_NEEDED
ERROR_DEVICE_REMOVED
ERROR_DEVICE_REQUIRES_CLEANING
ERROR_DEVICE_RESET_REQUIRED
ERROR_DEVICE_SUPPORT_IN_PROGRESS
ERROR_DEVICE_UNREACHABLE
ERROR_DEV_NOT_EXIST
ERROR_DHCP_ADDRESS_CONFLICT
ERROR_DIFFERENT_SERVICE_ACCOUNT
ERROR_DIRECTORY
ERROR_DIRECTORY_NOT_SUPPORTED
ERROR_DIRECT_ACCESS_HANDLE
ERROR_DIR_EFS_DISALLOWED
ERROR_DIR_NOT_EMPTY
ERROR_DIR_NOT_ROOT
ERROR_DISCARDED
ERROR_DISK_CHANGE
ERROR_DISK_CORRUPT
ERROR_DISK_FULL
ERROR_DISK_OPERATION_FAILED
ERROR_DISK_QUOTA_EXCEEDED
ERROR_DISK_RECALIBRATE_FAILED
ERROR_DISK_REPAIR_DISABLED
ERROR_DISK_REPAIR_REDIRECTED
ERROR_DISK_REPAIR_UNSUCCESSFUL
ERROR_DISK_RESET_FAILED
ERROR_DISK_RESOURCES_EXHAUSTED
ERROR_DISK_TOO_FRAGMENTED
ERROR_DLL_INIT_FAILED
ERROR_DLL_INIT_FAILED_LOGOFF
ERROR_DLL_MIGHT_BE_INCOMPATIBLE
ERROR_DLL_MIGHT_BE_INSECURE
ERROR_DLL_NOT_FOUND
ERROR_DLP_POLICY_DENIES_OPERATION
ERROR_DLP_POLICY_SILENTLY_FAIL
ERROR_DLP_POLICY_WARNS_AGAINST_OPERATION
ERROR_DOMAIN_CONTROLLER_EXISTS
ERROR_DOMAIN_CONTROLLER_NOT_FOUND
ERROR_DOMAIN_CTRLR_CONFIG_ERROR
ERROR_DOMAIN_EXISTS
ERROR_DOMAIN_LIMIT_EXCEEDED
ERROR_DOMAIN_SID_SAME_AS_LOCAL_WORKSTATION
ERROR_DOMAIN_TRUST_INCONSISTENT
ERROR_DOWNGRADE_DETECTED
ERROR_DPL_NOT_SUPPORTED_FOR_USER
ERROR_DRIVERS_LEAKING_LOCKED_PAGES
ERROR_DRIVER_BLOCKED
ERROR_DRIVER_CANCEL_TIMEOUT
ERROR_DRIVER_DATABASE_ERROR
ERROR_DRIVER_FAILED_PRIOR_UNLOAD
ERROR_DRIVER_FAILED_SLEEP
ERROR_DRIVER_PROCESS_TERMINATED
ERROR_DRIVE_LOCKED
ERROR_DS_ADD_REPLICA_INHIBITED
ERROR_DS_ADMIN_LIMIT_EXCEEDED
ERROR_DS_AFFECTS_MULTIPLE_DSAS
ERROR_DS_AG_CANT_HAVE_UNIVERSAL_MEMBER
ERROR_DS_ALIASED_OBJ_MISSING
ERROR_DS_ALIAS_DEREF_PROBLEM
ERROR_DS_ALIAS_POINTS_TO_ALIAS
ERROR_DS_ALIAS_PROBLEM
ERROR_DS_ATTRIBUTE_OR_VALUE_EXISTS
ERROR_DS_ATTRIBUTE_OWNED_BY_SAM
ERROR_DS_ATTRIBUTE_TYPE_UNDEFINED
ERROR_DS_ATT_ALREADY_EXISTS
ERROR_DS_ATT_IS_NOT_ON_OBJ
ERROR_DS_ATT_NOT_DEF_FOR_CLASS
ERROR_DS_ATT_NOT_DEF_IN_SCHEMA
ERROR_DS_ATT_SCHEMA_REQ_ID
ERROR_DS_ATT_SCHEMA_REQ_SYNTAX
ERROR_DS_ATT_VAL_ALREADY_EXISTS
ERROR_DS_AUDIT_FAILURE
ERROR_DS_AUTHORIZATION_FAILED
ERROR_DS_AUTH_METHOD_NOT_SUPPORTED
ERROR_DS_AUTH_UNKNOWN
ERROR_DS_AUX_CLS_TEST_FAIL
ERROR_DS_BACKLINK_WITHOUT_LINK
ERROR_DS_BAD_ATT_SCHEMA_SYNTAX
ERROR_DS_BAD_HIERARCHY_FILE
ERROR_DS_BAD_INSTANCE_TYPE
ERROR_DS_BAD_NAME_SYNTAX
ERROR_DS_BAD_RDN_ATT_ID_SYNTAX
ERROR_DS_BUILD_HIERARCHY_TABLE_FAILED
ERROR_DS_BUSY
ERROR_DS_CANT_ACCESS_REMOTE_PART_OF_AD
ERROR_DS_CANT_ADD_ATT_VALUES
ERROR_DS_CANT_ADD_SYSTEM_ONLY
ERROR_DS_CANT_ADD_TO_GC
ERROR_DS_CANT_CACHE_ATT
ERROR_DS_CANT_CACHE_CLASS
ERROR_DS_CANT_CREATE_IN_NONDOMAIN_NC
ERROR_DS_CANT_CREATE_UNDER_SCHEMA
ERROR_DS_CANT_DELETE
ERROR_DS_CANT_DELETE_DSA_OBJ
ERROR_DS_CANT_DEL_MASTER_CROSSREF
ERROR_DS_CANT_DEMOTE_WITH_WRITEABLE_NC
ERROR_DS_CANT_DEREF_ALIAS
ERROR_DS_CANT_DERIVE_SPN_FOR_DELETED_DOMAIN
ERROR_DS_CANT_DERIVE_SPN_WITHOUT_SERVER_REF
ERROR_DS_CANT_FIND_DC_FOR_SRC_DOMAIN
ERROR_DS_CANT_FIND_DSA_OBJ
ERROR_DS_CANT_FIND_EXPECTED_NC
ERROR_DS_CANT_FIND_NC_IN_CACHE
ERROR_DS_CANT_MIX_MASTER_AND_REPS
ERROR_DS_CANT_MOD_OBJ_CLASS
ERROR_DS_CANT_MOD_PRIMARYGROUPID
ERROR_DS_CANT_MOD_SYSTEM_ONLY
ERROR_DS_CANT_MOVE_ACCOUNT_GROUP
ERROR_DS_CANT_MOVE_APP_BASIC_GROUP
ERROR_DS_CANT_MOVE_APP_QUERY_GROUP
ERROR_DS_CANT_MOVE_DELETED_OBJECT
ERROR_DS_CANT_MOVE_RESOURCE_GROUP
ERROR_DS_CANT_ON_NON_LEAF
ERROR_DS_CANT_ON_RDN
ERROR_DS_CANT_REMOVE_ATT_CACHE
ERROR_DS_CANT_REMOVE_CLASS_CACHE
ERROR_DS_CANT_REM_MISSING_ATT
ERROR_DS_CANT_REM_MISSING_ATT_VAL
ERROR_DS_CANT_REPLACE_HIDDEN_REC
ERROR_DS_CANT_RETRIEVE_ATTS
ERROR_DS_CANT_RETRIEVE_CHILD
ERROR_DS_CANT_RETRIEVE_DN
ERROR_DS_CANT_RETRIEVE_INSTANCE
ERROR_DS_CANT_RETRIEVE_SD
ERROR_DS_CANT_START
ERROR_DS_CANT_TREE_DELETE_CRITICAL_OBJ
ERROR_DS_CANT_WITH_ACCT_GROUP_MEMBERSHPS
ERROR_DS_CHILDREN_EXIST
ERROR_DS_CLASS_MUST_BE_CONCRETE
ERROR_DS_CLASS_NOT_DSA
ERROR_DS_CLIENT_LOOP
ERROR_DS_CODE_INCONSISTENCY
ERROR_DS_COMPARE_FALSE
ERROR_DS_COMPARE_TRUE
ERROR_DS_CONFIDENTIALITY_REQUIRED
ERROR_DS_CONFIG_PARAM_MISSING
ERROR_DS_CONSTRAINT_VIOLATION
ERROR_DS_CONSTRUCTED_ATT_MOD
ERROR_DS_CONTROL_NOT_FOUND
ERROR_DS_COULDNT_CONTACT_FSMO
ERROR_DS_COULDNT_IDENTIFY_OBJECTS_FOR_TREE_DELETE
ERROR_DS_COULDNT_LOCK_TREE_FOR_DELETE
ERROR_DS_COULDNT_UPDATE_SPNS
ERROR_DS_COUNTING_AB_INDICES_FAILED
ERROR_DS_CROSS_DOMAIN_CLEANUP_REQD
ERROR_DS_CROSS_DOM_MOVE_ERROR
ERROR_DS_CROSS_NC_DN_RENAME
ERROR_DS_CROSS_REF_BUSY
ERROR_DS_CROSS_REF_EXISTS
ERROR_DS_CR_IMPOSSIBLE_TO_VALIDATE
ERROR_DS_CR_IMPOSSIBLE_TO_VALIDATE_V2
ERROR_DS_DATABASE_ERROR
ERROR_DS_DECODING_ERROR
ERROR_DS_DESTINATION_AUDITING_NOT_ENABLED
ERROR_DS_DESTINATION_DOMAIN_NOT_IN_FOREST
ERROR_DS_DIFFERENT_REPL_EPOCHS
ERROR_DS_DISALLOWED_IN_SYSTEM_CONTAINER
ERROR_DS_DISALLOWED_NC_REDIRECT
ERROR_DS_DNS_LOOKUP_FAILURE
ERROR_DS_DOMAIN_NAME_EXISTS_IN_FOREST
ERROR_DS_DOMAIN_RENAME_IN_PROGRESS
ERROR_DS_DOMAIN_VERSION_TOO_HIGH
ERROR_DS_DOMAIN_VERSION_TOO_LOW
ERROR_DS_DRA_ABANDON_SYNC
ERROR_DS_DRA_ACCESS_DENIED
ERROR_DS_DRA_BAD_DN
ERROR_DS_DRA_BAD_INSTANCE_TYPE
ERROR_DS_DRA_BAD_NC
ERROR_DS_DRA_BUSY
ERROR_DS_DRA_CONNECTION_FAILED
ERROR_DS_DRA_CORRUPT_UTD_VECTOR
ERROR_DS_DRA_DB_ERROR
ERROR_DS_DRA_DN_EXISTS
ERROR_DS_DRA_EARLIER_SCHEMA_CONFLICT
ERROR_DS_DRA_EXTN_CONNECTION_FAILED
ERROR_DS_DRA_GENERIC
ERROR_DS_DRA_INCOMPATIBLE_PARTIAL_SET
ERROR_DS_DRA_INCONSISTENT_DIT
ERROR_DS_DRA_INTERNAL_ERROR
ERROR_DS_DRA_INVALID_PARAMETER
ERROR_DS_DRA_MAIL_PROBLEM
ERROR_DS_DRA_MISSING_KRBTGT_SECRET
ERROR_DS_DRA_MISSING_PARENT
ERROR_DS_DRA_NAME_COLLISION
ERROR_DS_DRA_NOT_SUPPORTED
ERROR_DS_DRA_NO_REPLICA
ERROR_DS_DRA_OBJ_IS_REP_SOURCE
ERROR_DS_DRA_OBJ_NC_MISMATCH
ERROR_DS_DRA_OUT_OF_MEM
ERROR_DS_DRA_OUT_SCHEDULE_WINDOW
ERROR_DS_DRA_PREEMPTED
ERROR_DS_DRA_RECYCLED_TARGET
ERROR_DS_DRA_REF_ALREADY_EXISTS
ERROR_DS_DRA_REF_NOT_FOUND
ERROR_DS_DRA_REPL_PENDING
ERROR_DS_DRA_RPC_CANCELLED
ERROR_DS_DRA_SCHEMA_CONFLICT
ERROR_DS_DRA_SCHEMA_INFO_SHIP
ERROR_DS_DRA_SCHEMA_MISMATCH
ERROR_DS_DRA_SECRETS_DENIED
ERROR_DS_DRA_SHUTDOWN
ERROR_DS_DRA_SINK_DISABLED
ERROR_DS_DRA_SOURCE_DISABLED
ERROR_DS_DRA_SOURCE_IS_PARTIAL_REPLICA
ERROR_DS_DRA_SOURCE_REINSTALLED
ERROR_DS_DRS_EXTENSIONS_CHANGED
ERROR_DS_DSA_MUST_BE_INT_MASTER
ERROR_DS_DST_DOMAIN_NOT_NATIVE
ERROR_DS_DST_NC_MISMATCH
ERROR_DS_DS_REQUIRED
ERROR_DS_DUPLICATE_ID_FOUND
ERROR_DS_DUP_LDAP_DISPLAY_NAME
ERROR_DS_DUP_LINK_ID
ERROR_DS_DUP_MAPI_ID
ERROR_DS_DUP_MSDS_INTID
ERROR_DS_DUP_OID
ERROR_DS_DUP_RDN
ERROR_DS_DUP_SCHEMA_ID_GUID
ERROR_DS_ENCODING_ERROR
ERROR_DS_EPOCH_MISMATCH
ERROR_DS_EXISTING_AD_CHILD_NC
ERROR_DS_EXISTS_IN_AUX_CLS
ERROR_DS_EXISTS_IN_MAY_HAVE
ERROR_DS_EXISTS_IN_MUST_HAVE
ERROR_DS_EXISTS_IN_POSS_SUP
ERROR_DS_EXISTS_IN_RDNATTID
ERROR_DS_EXISTS_IN_SUB_CLS
ERROR_DS_FILTER_UNKNOWN
ERROR_DS_FILTER_USES_CONTRUCTED_ATTRS
ERROR_DS_FLAT_NAME_EXISTS_IN_FOREST
ERROR_DS_FOREST_VERSION_TOO_HIGH
ERROR_DS_FOREST_VERSION_TOO_LOW
ERROR_DS_GCVERIFY_ERROR
ERROR_DS_GC_NOT_AVAILABLE
ERROR_DS_GC_REQUIRED
ERROR_DS_GENERIC_ERROR
ERROR_DS_GLOBAL_CANT_HAVE_CROSSDOMAIN_MEMBER
ERROR_DS_GLOBAL_CANT_HAVE_LOCAL_MEMBER
ERROR_DS_GLOBAL_CANT_HAVE_UNIVERSAL_MEMBER
ERROR_DS_GOVERNSID_MISSING
ERROR_DS_GROUP_CONVERSION_ERROR
ERROR_DS_HAVE_PRIMARY_MEMBERS
ERROR_DS_HIERARCHY_TABLE_MALLOC_FAILED
ERROR_DS_HIERARCHY_TABLE_TOO_DEEP
ERROR_DS_HIGH_ADLDS_FFL
ERROR_DS_HIGH_DSA_VERSION
ERROR_DS_ILLEGAL_BASE_SCHEMA_MOD
ERROR_DS_ILLEGAL_MOD_OPERATION
ERROR_DS_ILLEGAL_SUPERIOR
ERROR_DS_ILLEGAL_XDOM_MOVE_OPERATION
ERROR_DS_INAPPROPRIATE_AUTH
ERROR_DS_INAPPROPRIATE_MATCHING
ERROR_DS_INCOMPATIBLE_CONTROLS_USED
ERROR_DS_INCOMPATIBLE_VERSION
ERROR_DS_INCORRECT_ROLE_OWNER
ERROR_DS_INIT_FAILURE
ERROR_DS_INIT_FAILURE_CONSOLE
ERROR_DS_INSTALL_NO_SCH_VERSION_IN_INIFILE
ERROR_DS_INSTALL_NO_SRC_SCH_VERSION
ERROR_DS_INSTALL_SCHEMA_MISMATCH
ERROR_DS_INSUFFICIENT_ATTR_TO_CREATE_OBJECT
ERROR_DS_INSUFF_ACCESS_RIGHTS
ERROR_DS_INTERNAL_FAILURE
ERROR_DS_INVALID_ATTRIBUTE_SYNTAX
ERROR_DS_INVALID_DMD
ERROR_DS_INVALID_DN_SYNTAX
ERROR_DS_INVALID_GROUP_TYPE
ERROR_DS_INVALID_LDAP_DISPLAY_NAME
ERROR_DS_INVALID_NAME_FOR_SPN
ERROR_DS_INVALID_ROLE_OWNER
ERROR_DS_INVALID_SCRIPT
ERROR_DS_INVALID_SEARCH_FLAG
ERROR_DS_INVALID_SEARCH_FLAG_SUBTREE
ERROR_DS_INVALID_SEARCH_FLAG_TUPLE
ERROR_DS_IS_LEAF
ERROR_DS_KEY_NOT_UNIQUE
ERROR_DS_LDAP_SEND_QUEUE_FULL
ERROR_DS_LINK_ID_NOT_AVAILABLE
ERROR_DS_LOCAL_CANT_HAVE_CROSSDOMAIN_LOCAL_MEMBER
ERROR_DS_LOCAL_ERROR
ERROR_DS_LOCAL_MEMBER_OF_LOCAL_ONLY
ERROR_DS_LOOP_DETECT
ERROR_DS_LOW_ADLDS_FFL
ERROR_DS_LOW_DSA_VERSION
ERROR_DS_MACHINE_ACCOUNT_CREATED_PRENT4
ERROR_DS_MACHINE_ACCOUNT_QUOTA_EXCEEDED
ERROR_DS_MAPI_ID_NOT_AVAILABLE
ERROR_DS_MASTERDSA_REQUIRED
ERROR_DS_MAX_OBJ_SIZE_EXCEEDED
ERROR_DS_MEMBERSHIP_EVALUATED_LOCALLY
ERROR_DS_MISSING_EXPECTED_ATT
ERROR_DS_MISSING_FOREST_TRUST
ERROR_DS_MISSING_FSMO_SETTINGS
ERROR_DS_MISSING_INFRASTRUCTURE_CONTAINER
ERROR_DS_MISSING_REQUIRED_ATT
ERROR_DS_MISSING_SUPREF
ERROR_DS_MODIFYDN_DISALLOWED_BY_FLAG
ERROR_DS_MODIFYDN_DISALLOWED_BY_INSTANCE_TYPE
ERROR_DS_MODIFYDN_WRONG_GRANDPARENT
ERROR_DS_MUST_BE_RUN_ON_DST_DC
ERROR_DS_NAME_ERROR_DOMAIN_ONLY
ERROR_DS_NAME_ERROR_NOT_FOUND
ERROR_DS_NAME_ERROR_NOT_UNIQUE
ERROR_DS_NAME_ERROR_NO_MAPPING
ERROR_DS_NAME_ERROR_NO_SYNTACTICAL_MAPPING
ERROR_DS_NAME_ERROR_RESOLVING
ERROR_DS_NAME_ERROR_TRUST_REFERRAL
ERROR_DS_NAME_NOT_UNIQUE
ERROR_DS_NAME_REFERENCE_INVALID
ERROR_DS_NAME_TOO_LONG
ERROR_DS_NAME_TOO_MANY_PARTS
ERROR_DS_NAME_TYPE_UNKNOWN
ERROR_DS_NAME_UNPARSEABLE
ERROR_DS_NAME_VALUE_TOO_LONG
ERROR_DS_NAMING_MASTER_GC
ERROR_DS_NAMING_VIOLATION
ERROR_DS_NCNAME_MISSING_CR_REF
ERROR_DS_NCNAME_MUST_BE_NC
ERROR_DS_NC_MUST_HAVE_NC_PARENT
ERROR_DS_NC_STILL_HAS_DSAS
ERROR_DS_NONEXISTENT_MAY_HAVE
ERROR_DS_NONEXISTENT_MUST_HAVE
ERROR_DS_NONEXISTENT_POSS_SUP
ERROR_DS_NONSAFE_SCHEMA_CHANGE
ERROR_DS_NON_ASQ_SEARCH
ERROR_DS_NON_BASE_SEARCH
ERROR_DS_NOTIFY_FILTER_TOO_COMPLEX
ERROR_DS_NOT_AN_OBJECT
ERROR_DS_NOT_AUTHORITIVE_FOR_DST_NC
ERROR_DS_NOT_CLOSEST
ERROR_DS_NOT_INSTALLED
ERROR_DS_NOT_ON_BACKLINK
ERROR_DS_NOT_SUPPORTED
ERROR_DS_NOT_SUPPORTED_SORT_ORDER
ERROR_DS_NO_ATTRIBUTE_OR_VALUE
ERROR_DS_NO_BEHAVIOR_VERSION_IN_MIXEDDOMAIN
ERROR_DS_NO_CHAINED_EVAL
ERROR_DS_NO_CHAINING
ERROR_DS_NO_CHECKPOINT_WITH_PDC
ERROR_DS_NO_CROSSREF_FOR_NC
ERROR_DS_NO_DELETED_NAME
ERROR_DS_NO_FPO_IN_UNIVERSAL_GROUPS
ERROR_DS_NO_MORE_RIDS
ERROR_DS_NO_MSDS_INTID
ERROR_DS_NO_NEST_GLOBALGROUP_IN_MIXEDDOMAIN
ERROR_DS_NO_NEST_LOCALGROUP_IN_MIXEDDOMAIN
ERROR_DS_NO_NTDSA_OBJECT
ERROR_DS_NO_OBJECT_MOVE_IN_SCHEMA_NC
ERROR_DS_NO_PARENT_OBJECT
ERROR_DS_NO_PKT_PRIVACY_ON_CONNECTION
ERROR_DS_NO_RDN_DEFINED_IN_SCHEMA
ERROR_DS_NO_REF_DOMAIN
ERROR_DS_NO_REQUESTED_ATTS_FOUND
ERROR_DS_NO_RESULTS_RETURNED
ERROR_DS_NO_RIDS_ALLOCATED
ERROR_DS_NO_SERVER_OBJECT
ERROR_DS_NO_SUCH_OBJECT
ERROR_DS_NO_TREE_DELETE_ABOVE_NC
ERROR_DS_NTDSCRIPT_PROCESS_ERROR
ERROR_DS_NTDSCRIPT_SYNTAX_ERROR
ERROR_DS_OBJECT_BEING_REMOVED
ERROR_DS_OBJECT_CLASS_REQUIRED
ERROR_DS_OBJECT_RESULTS_TOO_LARGE
ERROR_DS_OBJ_CLASS_NOT_DEFINED
ERROR_DS_OBJ_CLASS_NOT_SUBCLASS
ERROR_DS_OBJ_CLASS_VIOLATION
ERROR_DS_OBJ_GUID_EXISTS
ERROR_DS_OBJ_NOT_FOUND
ERROR_DS_OBJ_STRING_NAME_EXISTS
ERROR_DS_OBJ_TOO_LARGE
ERROR_DS_OFFSET_RANGE_ERROR
ERROR_DS_OID_MAPPED_GROUP_CANT_HAVE_MEMBERS
ERROR_DS_OID_NOT_FOUND
ERROR_DS_OPERATIONS_ERROR
ERROR_DS_OUT_OF_SCOPE
ERROR_DS_OUT_OF_VERSION_STORE
ERROR_DS_PARAM_ERROR
ERROR_DS_PARENT_IS_AN_ALIAS
ERROR_DS_PDC_OPERATION_IN_PROGRESS
ERROR_DS_PER_ATTRIBUTE_AUTHZ_FAILED_DURING_ADD
ERROR_DS_POLICY_NOT_KNOWN
ERROR_DS_PROTOCOL_ERROR
ERROR_DS_RANGE_CONSTRAINT
ERROR_DS_RDN_DOESNT_MATCH_SCHEMA
ERROR_DS_RECALCSCHEMA_FAILED
ERROR_DS_REFERRAL
ERROR_DS_REFERRAL_LIMIT_EXCEEDED
ERROR_DS_REFUSING_FSMO_ROLES
ERROR_DS_REMOTE_CROSSREF_OP_FAILED
ERROR_DS_REPLICATOR_ONLY
ERROR_DS_REPLICA_SET_CHANGE_NOT_ALLOWED_ON_DISABLED_CR
ERROR_DS_REPL_LIFETIME_EXCEEDED
ERROR_DS_RESERVED_LINK_ID
ERROR_DS_RESERVED_MAPI_ID
ERROR_DS_RIDMGR_DISABLED
ERROR_DS_RIDMGR_INIT_ERROR
ERROR_DS_ROLE_NOT_VERIFIED
ERROR_DS_ROOT_CANT_BE_SUBREF
ERROR_DS_ROOT_MUST_BE_NC
ERROR_DS_ROOT_REQUIRES_CLASS_TOP
ERROR_DS_SAM_INIT_FAILURE
ERROR_DS_SAM_INIT_FAILURE_CONSOLE
ERROR_DS_SAM_NEED_BOOTKEY_FLOPPY
ERROR_DS_SAM_NEED_BOOTKEY_PASSWORD
ERROR_DS_SCHEMA_ALLOC_FAILED
ERROR_DS_SCHEMA_NOT_LOADED
ERROR_DS_SCHEMA_UPDATE_DISALLOWED
ERROR_DS_SECURITY_CHECKING_ERROR
ERROR_DS_SECURITY_ILLEGAL_MODIFY
ERROR_DS_SEC_DESC_INVALID
ERROR_DS_SEC_DESC_TOO_SHORT
ERROR_DS_SEMANTIC_ATT_TEST
ERROR_DS_SENSITIVE_GROUP_VIOLATION
ERROR_DS_SERVER_DOWN
ERROR_DS_SHUTTING_DOWN
ERROR_DS_SINGLE_USER_MODE_FAILED
ERROR_DS_SINGLE_VALUE_CONSTRAINT
ERROR_DS_SIZELIMIT_EXCEEDED
ERROR_DS_SORT_CONTROL_MISSING
ERROR_DS_SOURCE_AUDITING_NOT_ENABLED
ERROR_DS_SOURCE_DOMAIN_IN_FOREST
ERROR_DS_SPN_VALUE_NOT_UNIQUE_IN_FOREST
ERROR_DS_SRC_AND_DST_NC_IDENTICAL
ERROR_DS_SRC_AND_DST_OBJECT_CLASS_MISMATCH
ERROR_DS_SRC_DC_MUST_BE_SP4_OR_GREATER
ERROR_DS_SRC_GUID_MISMATCH
ERROR_DS_SRC_NAME_MISMATCH
ERROR_DS_SRC_OBJ_NOT_GROUP_OR_USER
ERROR_DS_SRC_SID_EXISTS_IN_FOREST
ERROR_DS_STRING_SD_CONVERSION_FAILED
ERROR_DS_STRONG_AUTH_REQUIRED
ERROR_DS_SUBREF_MUST_HAVE_PARENT
ERROR_DS_SUBTREE_NOTIFY_NOT_NC_HEAD
ERROR_DS_SUB_CLS_TEST_FAIL
ERROR_DS_SYNTAX_MISMATCH
ERROR_DS_THREAD_LIMIT_EXCEEDED
ERROR_DS_TIMELIMIT_EXCEEDED
ERROR_DS_TREE_DELETE_NOT_FINISHED
ERROR_DS_UNABLE_TO_SURRENDER_ROLES
ERROR_DS_UNAVAILABLE
ERROR_DS_UNAVAILABLE_CRIT_EXTENSION
ERROR_DS_UNDELETE_SAM_VALIDATION_FAILED
ERROR_DS_UNICODEPWD_NOT_IN_QUOTES
ERROR_DS_UNIVERSAL_CANT_HAVE_LOCAL_MEMBER
ERROR_DS_UNKNOWN_ERROR
ERROR_DS_UNKNOWN_OPERATION
ERROR_DS_UNWILLING_TO_PERFORM
ERROR_DS_UPN_VALUE_NOT_UNIQUE_IN_FOREST
ERROR_DS_USER_BUFFER_TO_SMALL
ERROR_DS_VALUE_KEY_NOT_UNIQUE
ERROR_DS_VERSION_CHECK_FAILURE
ERROR_DS_WKO_CONTAINER_CANNOT_BE_SPECIAL
ERROR_DS_WRONG_LINKED_ATT_SYNTAX
ERROR_DS_WRONG_OM_OBJ_CLASS
ERROR_DUPLICATE_PRIVILEGES
ERROR_DUPLICATE_SERVICE_NAME
ERROR_DUP_DOMAINNAME
ERROR_DUP_NAME
ERROR_DYNAMIC_CODE_BLOCKED
ERROR_DYNLINK_FROM_INVALID_RING
ERROR_EAS_DIDNT_FIT
ERROR_EAS_NOT_SUPPORTED
ERROR_EA_ACCESS_DENIED
ERROR_EA_FILE_CORRUPT
ERROR_EA_LIST_INCONSISTENT
ERROR_EA_TABLE_FULL
ERROR_EDP_DPL_POLICY_CANT_BE_SATISFIED
ERROR_EDP_POLICY_DENIES_OPERATION
ERROR_EFS_ALG_BLOB_TOO_BIG
ERROR_EFS_DISABLED
ERROR_EFS_SERVER_NOT_TRUSTED
ERROR_EFS_VERSION_NOT_SUPPORT
ERROR_ELEVATION_REQUIRED
ERROR_ENCLAVE_FAILURE
ERROR_ENCLAVE_NOT_TERMINATED
ERROR_ENCLAVE_VIOLATION
ERROR_ENCRYPTED_FILE_NOT_SUPPORTED
ERROR_ENCRYPTED_IO_NOT_POSSIBLE
ERROR_ENCRYPTING_METADATA_DISALLOWED
ERROR_ENCRYPTION_DISABLED
ERROR_ENCRYPTION_FAILED
ERROR_ENCRYPTION_POLICY_DENIES_OPERATION
ERROR_END_OF_MEDIA
ERROR_ENVVAR_NOT_FOUND
ERROR_EOM_OVERFLOW
ERROR_ERRORS_ENCOUNTERED
ERROR_EVALUATION_EXPIRATION
ERROR_EVENTLOG_CANT_START
ERROR_EVENTLOG_FILE_CHANGED
ERROR_EVENTLOG_FILE_CORRUPT
ERROR_EVENT_DONE
ERROR_EVENT_PENDING
ERROR_EXCEPTION_IN_SERVICE
ERROR_EXCL_SEM_ALREADY_OWNED
ERROR_EXE_CANNOT_MODIFY_SIGNED_BINARY
ERROR_EXE_CANNOT_MODIFY_STRONG_SIGNED_BINARY
ERROR_EXE_MACHINE_TYPE_MISMATCH
ERROR_EXE_MARKED_INVALID
ERROR_EXTENDED_ERROR
ERROR_EXTERNAL_BACKING_PROVIDER_UNKNOWN
ERROR_EXTERNAL_SYSKEY_NOT_SUPPORTED
ERROR_EXTRANEOUS_INFORMATION
ERROR_FAILED_DRIVER_ENTRY
ERROR_FAILED_SERVICE_CONTROLLER_CONNECT
ERROR_FAIL_FAST_EXCEPTION
ERROR_FAIL_I24
ERROR_FAIL_NOACTION_REBOOT
ERROR_FAIL_RESTART
ERROR_FAIL_SHUTDOWN
ERROR_FATAL_APP_EXIT
ERROR_FILEMARK_DETECTED
ERROR_FILENAME_EXCED_RANGE
ERROR_FILE_CHECKED_OUT
ERROR_FILE_CORRUPT
ERROR_FILE_ENCRYPTED
ERROR_FILE_EXISTS
ERROR_FILE_HANDLE_REVOKED
ERROR_FILE_INVALID
ERROR_FILE_LEVEL_TRIM_NOT_SUPPORTED
ERROR_FILE_METADATA_OPTIMIZATION_IN_PROGRESS
ERROR_FILE_NOT_ENCRYPTED
ERROR_FILE_NOT_FOUND
ERROR_FILE_NOT_SUPPORTED
ERROR_FILE_OFFLINE
ERROR_FILE_PROTECTED_UNDER_DPL
ERROR_FILE_READ_ONLY
ERROR_FILE_SNAP_INVALID_PARAMETER
ERROR_FILE_SNAP_IN_PROGRESS
ERROR_FILE_SNAP_IO_NOT_COORDINATED
ERROR_FILE_SNAP_MODIFY_NOT_SUPPORTED
ERROR_FILE_SNAP_UNEXPECTED_ERROR
ERROR_FILE_SNAP_USER_SECTION_NOT_SUPPORTED
ERROR_FILE_SYSTEM_LIMITATION
ERROR_FILE_SYSTEM_VIRTUALIZATION_BUSY
ERROR_FILE_SYSTEM_VIRTUALIZATION_INVALID_OPERATION
ERROR_FILE_SYSTEM_VIRTUALIZATION_METADATA_CORRUPT
ERROR_FILE_SYSTEM_VIRTUALIZATION_PROVIDER_UNKNOWN
ERROR_FILE_SYSTEM_VIRTUALIZATION_UNAVAILABLE
ERROR_FILE_TOO_LARGE
ERROR_FIRMWARE_UPDATED
ERROR_FLOAT_MULTIPLE_FAULTS
ERROR_FLOAT_MULTIPLE_TRAPS
ERROR_FLOPPY_BAD_REGISTERS
ERROR_FLOPPY_ID_MARK_NOT_FOUND
ERROR_FLOPPY_UNKNOWN_ERROR
ERROR_FLOPPY_VOLUME
ERROR_FLOPPY_WRONG_CYLINDER
ERROR_FORMS_AUTH_REQUIRED
ERROR_FOUND_OUT_OF_SCOPE
ERROR_FSFILTER_OP_COMPLETED_SUCCESSFULLY
ERROR_FS_DRIVER_REQUIRED
ERROR_FS_METADATA_INCONSISTENT
ERROR_FT_DI_SCAN_REQUIRED
ERROR_FT_READ_FAILURE
ERROR_FT_READ_FROM_COPY_FAILURE
ERROR_FT_READ_RECOVERY_FROM_BACKUP
ERROR_FT_WRITE_FAILURE
ERROR_FT_WRITE_RECOVERY
ERROR_FULLSCREEN_MODE
ERROR_FUNCTION_FAILED
ERROR_FUNCTION_NOT_CALLED
ERROR_GDI_HANDLE_LEAK
ERROR_GENERIC_NOT_MAPPED
ERROR_GEN_FAILURE
ERROR_GLOBAL_ONLY_HOOK
ERROR_GRACEFUL_DISCONNECT
ERROR_GROUP_EXISTS
ERROR_GUID_SUBSTITUTION_MADE
ERROR_HANDLES_CLOSED
ERROR_HANDLE_DISK_FULL
ERROR_HANDLE_EOF
ERROR_HANDLE_REVOKED
ERROR_HAS_SYSTEM_CRITICAL_FILES
ERROR_HIBERNATED
ERROR_HIBERNATION_FAILURE
ERROR_HOOK_NEEDS_HMOD
ERROR_HOOK_NOT_INSTALLED
ERROR_HOOK_TYPE_NOT_ALLOWED
ERROR_HOST_DOWN
ERROR_HOST_UNREACHABLE
ERROR_HOTKEY_ALREADY_REGISTERED
ERROR_HOTKEY_NOT_REGISTERED
ERROR_HWNDS_HAVE_DIFF_PARENT
ERROR_ILLEGAL_CHARACTER
ERROR_ILLEGAL_DLL_RELOCATION
ERROR_ILLEGAL_ELEMENT_ADDRESS
ERROR_ILLEGAL_FLOAT_CONTEXT
ERROR_ILL_FORMED_PASSWORD
ERROR_IMAGE_AT_DIFFERENT_BASE
ERROR_IMAGE_MACHINE_TYPE_MISMATCH
ERROR_IMAGE_MACHINE_TYPE_MISMATCH_EXE
ERROR_IMAGE_NOT_AT_BASE
ERROR_IMAGE_SUBSYSTEM_NOT_PRESENT
ERROR_IMPLEMENTATION_LIMIT
ERROR_INCOMPATIBLE_SERVICE_PRIVILEGE
ERROR_INCOMPATIBLE_SERVICE_SID_TYPE
ERROR_INCOMPATIBLE_WITH_GLOBAL_SHORT_NAME_REGISTRY_SETTING
ERROR_INCORRECT_ACCOUNT_TYPE
ERROR_INCORRECT_ADDRESS
ERROR_INCORRECT_SIZE
ERROR_INDEX_ABSENT
ERROR_INDEX_OUT_OF_BOUNDS
ERROR_INFLOOP_IN_RELOC_CHAIN
ERROR_INSTALL_ALREADY_RUNNING
ERROR_INSTALL_FAILURE
ERROR_INSTALL_LANGUAGE_UNSUPPORTED
ERROR_INSTALL_LOG_FAILURE
ERROR_INSTALL_NOTUSED
ERROR_INSTALL_PACKAGE_INVALID
ERROR_INSTALL_PACKAGE_OPEN_FAILED
ERROR_INSTALL_PACKAGE_REJECTED
ERROR_INSTALL_PACKAGE_VERSION
ERROR_INSTALL_PLATFORM_UNSUPPORTED
ERROR_INSTALL_REJECTED
ERROR_INSTALL_REMOTE_DISALLOWED
ERROR_INSTALL_REMOTE_PROHIBITED
ERROR_INSTALL_SERVICE_FAILURE
ERROR_INSTALL_SERVICE_SAFEBOOT
ERROR_INSTALL_SOURCE_ABSENT
ERROR_INSTALL_SUSPEND
ERROR_INSTALL_TEMP_UNWRITABLE
ERROR_INSTALL_TRANSFORM_FAILURE
ERROR_INSTALL_TRANSFORM_REJECTED
ERROR_INSTALL_UI_FAILURE
ERROR_INSTALL_USEREXIT
ERROR_INSTRUCTION_MISALIGNMENT
ERROR_INSUFFICIENT_BUFFER
ERROR_INSUFFICIENT_LOGON_INFO
ERROR_INSUFFICIENT_POWER
ERROR_INSUFFICIENT_RESOURCE_FOR_SPECIFIED_SHARED_SECTION_SIZE
ERROR_INSUFFICIENT_VIRTUAL_ADDR_RESOURCES
ERROR_INTERMIXED_KERNEL_EA_OPERATION
ERROR_INTERNAL_DB_CORRUPTION
ERROR_INTERNAL_DB_ERROR
ERROR_INTERNAL_ERROR
ERROR_INTERRUPT_STILL_CONNECTED
ERROR_INTERRUPT_VECTOR_ALREADY_CONNECTED
ERROR_INVALID_ACCEL_HANDLE
ERROR_INVALID_ACCESS
ERROR_INVALID_ACCOUNT_NAME
ERROR_INVALID_ACE_CONDITION
ERROR_INVALID_ACL
ERROR_INVALID_ADDRESS
ERROR_INVALID_AT_INTERRUPT_TIME
ERROR_INVALID_BLOCK
ERROR_INVALID_BLOCK_LENGTH
ERROR_INVALID_CAP
ERROR_INVALID_CATEGORY
ERROR_INVALID_COMBOBOX_MESSAGE
ERROR_INVALID_COMMAND_LINE
ERROR_INVALID_COMPUTERNAME
ERROR_INVALID_CRUNTIME_PARAMETER
ERROR_INVALID_CURSOR_HANDLE
ERROR_INVALID_DATA
ERROR_INVALID_DATATYPE
ERROR_INVALID_DEVICE_OBJECT_PARAMETER
ERROR_INVALID_DLL
ERROR_INVALID_DOMAINNAME
ERROR_INVALID_DOMAIN_ROLE
ERROR_INVALID_DOMAIN_STATE
ERROR_INVALID_DRIVE
ERROR_INVALID_DWP_HANDLE
ERROR_INVALID_EA_HANDLE
ERROR_INVALID_EA_NAME
ERROR_INVALID_EDIT_HEIGHT
ERROR_INVALID_ENVIRONMENT
ERROR_INVALID_EVENTNAME
ERROR_INVALID_EVENT_COUNT
ERROR_INVALID_EXCEPTION_HANDLER
ERROR_INVALID_EXE_SIGNATURE
ERROR_INVALID_FIELD
ERROR_INVALID_FIELD_IN_PARAMETER_LIST
ERROR_INVALID_FILTER_PROC
ERROR_INVALID_FLAGS
ERROR_INVALID_FLAG_NUMBER
ERROR_INVALID_FORM_NAME
ERROR_INVALID_FORM_SIZE
ERROR_INVALID_FUNCTION
ERROR_INVALID_GROUPNAME
ERROR_INVALID_GROUP_ATTRIBUTES
ERROR_INVALID_GW_COMMAND
ERROR_INVALID_HANDLE
ERROR_INVALID_HANDLE_STATE
ERROR_INVALID_HOOK_FILTER
ERROR_INVALID_HOOK_HANDLE
ERROR_INVALID_HW_PROFILE
ERROR_INVALID_ICON_HANDLE
ERROR_INVALID_ID_AUTHORITY
ERROR_INVALID_IMAGE_HASH
ERROR_INVALID_IMPORT_OF_NON_DLL
ERROR_INVALID_INDEX
ERROR_INVALID_KERNEL_INFO_VERSION
ERROR_INVALID_KEYBOARD_HANDLE
ERROR_INVALID_LABEL
ERROR_INVALID_LB_MESSAGE
ERROR_INVALID_LDT_DESCRIPTOR
ERROR_INVALID_LDT_OFFSET
ERROR_INVALID_LDT_SIZE
ERROR_INVALID_LEVEL
ERROR_INVALID_LIST_FORMAT
ERROR_INVALID_LOCK_RANGE
ERROR_INVALID_LOGON_HOURS
ERROR_INVALID_LOGON_TYPE
ERROR_INVALID_MEMBER
ERROR_INVALID_MENU_HANDLE
ERROR_INVALID_MESSAGE
ERROR_INVALID_MESSAGEDEST
ERROR_INVALID_MESSAGENAME
ERROR_INVALID_MINALLOCSIZE
ERROR_INVALID_MODULETYPE
ERROR_INVALID_MONITOR_HANDLE
ERROR_INVALID_MSGBOX_STYLE
ERROR_INVALID_NAME
ERROR_INVALID_NETNAME
ERROR_INVALID_OPLOCK_PROTOCOL
ERROR_INVALID_ORDINAL
ERROR_INVALID_OWNER
ERROR_INVALID_PACKAGE_SID_LENGTH
ERROR_INVALID_PARAMETER
ERROR_INVALID_PASSWORD
ERROR_INVALID_PASSWORDNAME
ERROR_INVALID_PATCH_XML
ERROR_INVALID_PEP_INFO_VERSION
ERROR_INVALID_PLUGPLAY_DEVICE_PATH
ERROR_INVALID_PORT_ATTRIBUTES
ERROR_INVALID_PRIMARY_GROUP
ERROR_INVALID_PRINTER_COMMAND
ERROR_INVALID_PRINTER_NAME
ERROR_INVALID_PRINTER_STATE
ERROR_INVALID_PRIORITY
ERROR_INVALID_QUOTA_LOWER
ERROR_INVALID_REPARSE_DATA
ERROR_INVALID_SCROLLBAR_RANGE
ERROR_INVALID_SECURITY_DESCR
ERROR_INVALID_SEGDPL
ERROR_INVALID_SEGMENT_NUMBER
ERROR_INVALID_SEPARATOR_FILE
ERROR_INVALID_SERVER_STATE
ERROR_INVALID_SERVICENAME
ERROR_INVALID_SERVICE_ACCOUNT
ERROR_INVALID_SERVICE_CONTROL
ERROR_INVALID_SERVICE_LOCK
ERROR_INVALID_SHARENAME
ERROR_INVALID_SHOWWIN_COMMAND
ERROR_INVALID_SID
ERROR_INVALID_SIGNAL_NUMBER
ERROR_INVALID_SPI_VALUE
ERROR_INVALID_STACKSEG
ERROR_INVALID_STARTING_CODESEG
ERROR_INVALID_SUB_AUTHORITY
ERROR_INVALID_TABLE
ERROR_INVALID_TARGET_HANDLE
ERROR_INVALID_TASK_INDEX
ERROR_INVALID_TASK_NAME
ERROR_INVALID_THREAD_ID
ERROR_INVALID_TIME
ERROR_INVALID_TOKEN
ERROR_INVALID_UNWIND_TARGET
ERROR_INVALID_USER_BUFFER
ERROR_INVALID_USER_PRINCIPAL_NAME
ERROR_INVALID_VARIANT
ERROR_INVALID_VERIFY_SWITCH
ERROR_INVALID_WINDOW_HANDLE
ERROR_INVALID_WORKSTATION
ERROR_IOPL_NOT_ENABLED
ERROR_IO_DEVICE
ERROR_IO_INCOMPLETE
ERROR_IO_PENDING
ERROR_IO_PRIVILEGE_FAILED
ERROR_IO_REISSUE_AS_CACHED
ERROR_IPSEC_IKE_TIMED_OUT
ERROR_IP_ADDRESS_CONFLICT1
ERROR_IP_ADDRESS_CONFLICT2
ERROR_IRQ_BUSY
ERROR_IS_JOINED
ERROR_IS_JOIN_PATH
ERROR_IS_JOIN_TARGET
ERROR_IS_SUBSTED
ERROR_IS_SUBST_PATH
ERROR_IS_SUBST_TARGET
ERROR_ITERATED_DATA_EXCEEDS_64k
ERROR_JOB_NO_CONTAINER
ERROR_JOIN_TO_JOIN
ERROR_JOIN_TO_SUBST
ERROR_JOURNAL_DELETE_IN_PROGRESS
ERROR_JOURNAL_ENTRY_DELETED
ERROR_JOURNAL_HOOK_SET
ERROR_JOURNAL_NOT_ACTIVE
ERROR_KERNEL_APC
ERROR_KEY_DELETED
ERROR_KEY_HAS_CHILDREN
ERROR_KM_DRIVER_BLOCKED
ERROR_LABEL_TOO_LONG
ERROR_LAST_ADMIN
ERROR_LB_WITHOUT_TABSTOPS
ERROR_LICENSE_QUOTA_EXCEEDED
ERROR_LINUX_SUBSYSTEM_NOT_PRESENT
ERROR_LINUX_SUBSYSTEM_UPDATE_REQUIRED
ERROR_LISTBOX_ID_NOT_FOUND
ERROR_LM_CROSS_ENCRYPTION_REQUIRED
ERROR_LOCAL_POLICY_MODIFICATION_NOT_SUPPORTED
ERROR_LOCAL_USER_SESSION_KEY
ERROR_LOCKED
ERROR_LOCK_FAILED
ERROR_LOCK_VIOLATION
ERROR_LOGIN_TIME_RESTRICTION
ERROR_LOGIN_WKSTA_RESTRICTION
ERROR_LOGON_FAILURE
ERROR_LOGON_NOT_GRANTED
ERROR_LOGON_SERVER_CONFLICT
ERROR_LOGON_SESSION_COLLISION
ERROR_LOGON_SESSION_EXISTS
ERROR_LOGON_TYPE_NOT_GRANTED
ERROR_LOG_FILE_FULL
ERROR_LOG_HARD_ERROR
ERROR_LONGJUMP
ERROR_LOST_MODE_LOGON_RESTRICTION
ERROR_LOST_WRITEBEHIND_DATA
ERROR_LOST_WRITEBEHIND_DATA_LOCAL_DISK_ERROR
ERROR_LOST_WRITEBEHIND_DATA_NETWORK_DISCONNECTED
ERROR_LOST_WRITEBEHIND_DATA_NETWORK_SERVER_ERROR
ERROR_LUIDS_EXHAUSTED
ERROR_MACHINE_LOCKED
ERROR_MAGAZINE_NOT_PRESENT
ERROR_MAPPED_ALIGNMENT
ERROR_MARKED_TO_DISALLOW_WRITES
ERROR_MARSHALL_OVERFLOW
ERROR_MAX_SESSIONS_REACHED
ERROR_MAX_THRDS_REACHED
ERROR_MCA_EXCEPTION
ERROR_MCA_OCCURED
ERROR_MEDIA_CHANGED
ERROR_MEDIA_CHECK
ERROR_MEMBERS_PRIMARY_GROUP
ERROR_MEMBER_IN_ALIAS
ERROR_MEMBER_IN_GROUP
ERROR_MEMBER_NOT_IN_ALIAS
ERROR_MEMBER_NOT_IN_GROUP
ERROR_MEMORY_HARDWARE
ERROR_MENU_ITEM_NOT_FOUND
ERROR_MESSAGE_SYNC_ONLY
ERROR_META_EXPANSION_TOO_LONG
ERROR_MISSING_SYSTEMFILE
ERROR_MOD_NOT_FOUND
ERROR_MORE_DATA
ERROR_MORE_WRITES
ERROR_MOUNT_POINT_NOT_RESOLVED
ERROR_MP_PROCESSOR_MISMATCH
ERROR_MR_MID_NOT_FOUND
ERROR_MULTIPLE_FAULT_VIOLATION
ERROR_MUTANT_LIMIT_EXCEEDED
ERROR_MUTUAL_AUTH_FAILED
ERROR_NEGATIVE_SEEK
ERROR_NESTING_NOT_ALLOWED
ERROR_NETLOGON_NOT_STARTED
ERROR_NETNAME_DELETED
ERROR_NETWORK_ACCESS_DENIED
ERROR_NETWORK_ACCESS_DENIED_EDP
ERROR_NETWORK_BUSY
ERROR_NETWORK_UNREACHABLE
ERROR_NET_OPEN_FAILED
ERROR_NET_WRITE_FAULT
ERROR_NOACCESS
ERROR_NOINTERFACE
ERROR_NOLOGON_INTERDOMAIN_TRUST_ACCOUNT
ERROR_NOLOGON_SERVER_TRUST_ACCOUNT
ERROR_NOLOGON_WORKSTATION_TRUST_ACCOUNT
ERROR_NONE_MAPPED
ERROR_NONPAGED_SYSTEM_RESOURCES
ERROR_NON_ACCOUNT_SID
ERROR_NON_DOMAIN_SID
ERROR_NON_MDICHILD_WINDOW
ERROR_NOTHING_TO_TERMINATE
ERROR_NOTIFICATION_GUID_ALREADY_DEFINED
ERROR_NOTIFY_CLEANUP
ERROR_NOTIFY_ENUM_DIR
ERROR_NOT_ALLOWED_ON_SYSTEM_FILE
ERROR_NOT_ALL_ASSIGNED
ERROR_NOT_APPCONTAINER
ERROR_NOT_AUTHENTICATED
ERROR_NOT_A_CLOUD_FILE
ERROR_NOT_A_CLOUD_SYNC_ROOT
ERROR_NOT_A_DAX_VOLUME
ERROR_NOT_A_REPARSE_POINT
ERROR_NOT_CAPABLE
ERROR_NOT_CHILD_WINDOW
ERROR_NOT_CONNECTED
ERROR_NOT_CONTAINER
ERROR_NOT_DAX_MAPPABLE
ERROR_NOT_DOS_DISK
ERROR_NOT_ENOUGH_MEMORY
ERROR_NOT_ENOUGH_QUOTA
ERROR_NOT_ENOUGH_SERVER_MEMORY
ERROR_NOT_EXPORT_FORMAT
ERROR_NOT_FOUND
ERROR_NOT_GUI_PROCESS
ERROR_NOT_JOINED
ERROR_NOT_LOCKED
ERROR_NOT_LOGGED_ON
ERROR_NOT_LOGON_PROCESS
ERROR_NOT_OWNER
ERROR_NOT_READY
ERROR_NOT_READ_FROM_COPY
ERROR_NOT_REDUNDANT_STORAGE
ERROR_NOT_REGISTRY_FILE
ERROR_NOT_SAFEBOOT_SERVICE
ERROR_NOT_SAFE_MODE_DRIVER
ERROR_NOT_SAME_DEVICE
ERROR_NOT_SAME_OBJECT
ERROR_NOT_SUBSTED
ERROR_NOT_SUPPORTED
ERROR_NOT_SUPPORTED_IN_APPCONTAINER
ERROR_NOT_SUPPORTED_ON_DAX
ERROR_NOT_SUPPORTED_ON_SBS
ERROR_NOT_SUPPORTED_ON_STANDARD_SERVER
ERROR_NOT_SUPPORTED_WITH_AUDITING
ERROR_NOT_SUPPORTED_WITH_BTT
ERROR_NOT_SUPPORTED_WITH_BYPASSIO
ERROR_NOT_SUPPORTED_WITH_CACHED_HANDLE
ERROR_NOT_SUPPORTED_WITH_COMPRESSION
ERROR_NOT_SUPPORTED_WITH_DEDUPLICATION
ERROR_NOT_SUPPORTED_WITH_ENCRYPTION
ERROR_NOT_SUPPORTED_WITH_MONITORING
ERROR_NOT_SUPPORTED_WITH_REPLICATION
ERROR_NOT_SUPPORTED_WITH_SNAPSHOT
ERROR_NOT_SUPPORTED_WITH_VIRTUALIZATION
ERROR_NOT_TINY_STREAM
ERROR_NO_ACE_CONDITION
ERROR_NO_ASSOCIATION
ERROR_NO_BYPASSIO_DRIVER_SUPPORT
ERROR_NO_CALLBACK_ACTIVE
ERROR_NO_DATA
ERROR_NO_DATA_DETECTED
ERROR_NO_EFS
ERROR_NO_EVENT_PAIR
ERROR_NO_GUID_TRANSLATION
ERROR_NO_IMPERSONATION_TOKEN
ERROR_NO_INHERITANCE
ERROR_NO_LOGON_SERVERS
ERROR_NO_LOG_SPACE
ERROR_NO_MATCH
ERROR_NO_MEDIA_IN_DRIVE
ERROR_NO_MORE_DEVICES
ERROR_NO_MORE_FILES
ERROR_NO_MORE_ITEMS
ERROR_NO_MORE_MATCHES
ERROR_NO_MORE_SEARCH_HANDLES
ERROR_NO_MORE_USER_HANDLES
ERROR_NO_NETWORK
ERROR_NO_NET_OR_BAD_PATH
ERROR_NO_NVRAM_RESOURCES
ERROR_NO_PAGEFILE
ERROR_NO_PHYSICALLY_ALIGNED_FREE_SPACE_FOUND
ERROR_NO_PROC_SLOTS
ERROR_NO_PROMOTION_ACTIVE
ERROR_NO_QUOTAS_FOR_ACCOUNT
ERROR_NO_RANGES_PROCESSED
ERROR_NO_RECOVERY_POLICY
ERROR_NO_RECOVERY_PROGRAM
ERROR_NO_SCROLLBARS
ERROR_NO_SECRETS
ERROR_NO_SECURITY_ON_OBJECT
ERROR_NO_SHUTDOWN_IN_PROGRESS
ERROR_NO_SIGNAL_SENT
ERROR_NO_SITENAME
ERROR_NO_SITE_SETTINGS_OBJECT
ERROR_NO_SPOOL_SPACE
ERROR_NO_SUCH_ALIAS
ERROR_NO_SUCH_DEVICE
ERROR_NO_SUCH_DOMAIN
ERROR_NO_SUCH_GROUP
ERROR_NO_SUCH_LOGON_SESSION
ERROR_NO_SUCH_MEMBER
ERROR_NO_SUCH_PACKAGE
ERROR_NO_SUCH_PRIVILEGE
ERROR_NO_SUCH_SITE
ERROR_NO_SUCH_USER
ERROR_NO_SYSTEM_MENU
ERROR_NO_SYSTEM_RESOURCES
ERROR_NO_TASK_QUEUE
ERROR_NO_TOKEN
ERROR_NO_TRACKING_SERVICE
ERROR_NO_TRUST_LSA_SECRET
ERROR_NO_TRUST_SAM_ACCOUNT
ERROR_NO_UNICODE_TRANSLATION
ERROR_NO_USER_KEYS
ERROR_NO_USER_SESSION_KEY
ERROR_NO_VOLUME_ID
ERROR_NO_VOLUME_LABEL
ERROR_NO_WILDCARD_CHARACTERS
ERROR_NO_WORK_DONE
ERROR_NO_WRITABLE_DC_FOUND
ERROR_NO_YIELD_PERFORMED
ERROR_NTLM_BLOCKED
ERROR_NT_CROSS_ENCRYPTION_REQUIRED
ERROR_NULL_LM_PASSWORD
ERROR_OBJECT_IS_IMMUTABLE
ERROR_OBJECT_NAME_EXISTS
ERROR_OBJECT_NOT_EXTERNALLY_BACKED
ERROR_OFFLOAD_READ_FILE_NOT_SUPPORTED
ERROR_OFFLOAD_READ_FLT_NOT_SUPPORTED
ERROR_OFFLOAD_WRITE_FILE_NOT_SUPPORTED
ERROR_OFFLOAD_WRITE_FLT_NOT_SUPPORTED
ERROR_OFFSET_ALIGNMENT_VIOLATION
ERROR_OLD_WIN_VERSION
ERROR_ONLY_IF_CONNECTED
ERROR_OPEN_FAILED
ERROR_OPEN_FILES
ERROR_OPERATION_ABORTED
ERROR_OPERATION_IN_PROGRESS
ERROR_OPLOCK_BREAK_IN_PROGRESS
ERROR_OPLOCK_HANDLE_CLOSED
ERROR_OPLOCK_NOT_GRANTED
ERROR_OPLOCK_SWITCHED_TO_NEW_HANDLE
ERROR_ORPHAN_NAME_EXHAUSTED
ERROR_OUTOFMEMORY
ERROR_OUT_OF_PAPER
ERROR_OUT_OF_STRUCTURES
ERROR_OVERRIDE_NOCHANGES
ERROR_PAGED_SYSTEM_RESOURCES
ERROR_PAGEFILE_CREATE_FAILED
ERROR_PAGEFILE_NOT_SUPPORTED
ERROR_PAGEFILE_QUOTA
ERROR_PAGEFILE_QUOTA_EXCEEDED
ERROR_PAGE_FAULT_COPY_ON_WRITE
ERROR_PAGE_FAULT_DEMAND_ZERO
ERROR_PAGE_FAULT_GUARD_PAGE
ERROR_PAGE_FAULT_PAGING_FILE
ERROR_PAGE_FAULT_TRANSITION
ERROR_PARAMETER_QUOTA_EXCEEDED
ERROR_PARTIAL_COPY
ERROR_PARTITION_FAILURE
ERROR_PARTITION_TERMINATING
ERROR_PASSWORD_CHANGE_REQUIRED
ERROR_PASSWORD_EXPIRED
ERROR_PASSWORD_MUST_CHANGE
ERROR_PASSWORD_RESTRICTION
ERROR_PATCH_MANAGED_ADVERTISED_PRODUCT
ERROR_PATCH_NO_SEQUENCE
ERROR_PATCH_PACKAGE_INVALID
ERROR_PATCH_PACKAGE_OPEN_FAILED
ERROR_PATCH_PACKAGE_REJECTED
ERROR_PATCH_PACKAGE_UNSUPPORTED
ERROR_PATCH_REMOVAL_DISALLOWED
ERROR_PATCH_REMOVAL_UNSUPPORTED
ERROR_PATCH_TARGET_NOT_FOUND
ERROR_PATH_BUSY
ERROR_PATH_NOT_FOUND
ERROR_PER_USER_TRUST_QUOTA_EXCEEDED
ERROR_PIPE_BUSY
ERROR_PIPE_CONNECTED
ERROR_PIPE_LISTENING
ERROR_PIPE_LOCAL
ERROR_PIPE_NOT_CONNECTED
ERROR_PKINIT_FAILURE
ERROR_PLUGPLAY_QUERY_VETOED
ERROR_PNP_BAD_MPS_TABLE
ERROR_PNP_INVALID_ID
ERROR_PNP_IRQ_TRANSLATION_FAILED
ERROR_PNP_QUERY_REMOVE_DEVICE_TIMEOUT
ERROR_PNP_QUERY_REMOVE_RELATED_DEVICE_TIMEOUT
ERROR_PNP_QUERY_REMOVE_UNRELATED_DEVICE_TIMEOUT
ERROR_PNP_REBOOT_REQUIRED
ERROR_PNP_RESTART_ENUMERATION
ERROR_PNP_TRANSLATION_FAILED
ERROR_POINT_NOT_FOUND
ERROR_POLICY_OBJECT_NOT_FOUND
ERROR_POLICY_ONLY_IN_DS
ERROR_POPUP_ALREADY_ACTIVE
ERROR_PORT_MESSAGE_TOO_LONG
ERROR_PORT_NOT_SET
ERROR_PORT_UNREACHABLE
ERROR_POSSIBLE_DEADLOCK
ERROR_POTENTIAL_FILE_FOUND
ERROR_PREDEFINED_HANDLE
ERROR_PRIMARY_TRANSPORT_CONNECT_FAILED
ERROR_PRINTER_ALREADY_EXISTS
ERROR_PRINTER_DELETED
ERROR_PRINTER_DRIVER_ALREADY_INSTALLED
ERROR_PRINTQ_FULL
ERROR_PRINT_CANCELLED
ERROR_PRIVATE_DIALOG_INDEX
ERROR_PRIVILEGE_NOT_HELD
ERROR_PROCESS_ABORTED
ERROR_PROCESS_IN_JOB
ERROR_PROCESS_IS_PROTECTED
ERROR_PROCESS_MODE_ALREADY_BACKGROUND
ERROR_PROCESS_MODE_NOT_BACKGROUND
ERROR_PROCESS_NOT_IN_JOB
ERROR_PROC_NOT_FOUND
ERROR_PRODUCT_UNINSTALLED
ERROR_PRODUCT_VERSION
ERROR_PROFILING_AT_LIMIT
ERROR_PROFILING_NOT_STARTED
ERROR_PROFILING_NOT_STOPPED
ERROR_PROMOTION_ACTIVE
ERROR_PROTOCOL_UNREACHABLE
ERROR_PWD_HISTORY_CONFLICT
ERROR_PWD_TOO_LONG
ERROR_PWD_TOO_RECENT
ERROR_PWD_TOO_SHORT
ERROR_QUOTA_ACTIVITY
ERROR_QUOTA_LIST_INCONSISTENT
ERROR_RANGE_LIST_CONFLICT
ERROR_RANGE_NOT_FOUND
ERROR_READ_FAULT
ERROR_RECEIVE_EXPEDITED
ERROR_RECEIVE_PARTIAL
ERROR_RECEIVE_PARTIAL_EXPEDITED
ERROR_RECOVERY_FAILURE
ERROR_REDIRECTOR_HAS_OPEN_HANDLES
ERROR_REDIR_PAUSED
ERROR_REGISTRY_CORRUPT
ERROR_REGISTRY_HIVE_RECOVERED
ERROR_REGISTRY_IO_FAILED
ERROR_REGISTRY_QUOTA_LIMIT
ERROR_REGISTRY_RECOVERED
ERROR_REG_NAT_CONSUMPTION
ERROR_RELOC_CHAIN_XEEDS_SEGLIM
ERROR_REMOTE_PRINT_CONNECTIONS_BLOCKED
ERROR_REMOTE_SESSION_LIMIT_EXCEEDED
ERROR_REMOTE_STORAGE_MEDIA_ERROR
ERROR_REMOTE_STORAGE_NOT_ACTIVE
ERROR_REM_NOT_LIST
ERROR_REPARSE
ERROR_REPARSE_ATTRIBUTE_CONFLICT
ERROR_REPARSE_OBJECT
ERROR_REPARSE_POINT_ENCOUNTERED
ERROR_REPARSE_TAG_INVALID
ERROR_REPARSE_TAG_MISMATCH
ERROR_REPLY_MESSAGE_MISMATCH
ERROR_REQUEST_ABORTED
ERROR_REQUEST_OUT_OF_SEQUENCE
ERROR_REQUEST_PAUSED
ERROR_REQUIRES_INTERACTIVE_WINDOWSTATION
ERROR_REQ_NOT_ACCEP
ERROR_RESIDENT_FILE_NOT_SUPPORTED
ERROR_RESOURCE_CALL_TIMED_OUT
ERROR_RESOURCE_DATA_NOT_FOUND
ERROR_RESOURCE_LANG_NOT_FOUND
ERROR_RESOURCE_NAME_NOT_FOUND
ERROR_RESOURCE_REQUIREMENTS_CHANGED
ERROR_RESOURCE_TYPE_NOT_FOUND
ERROR_RESTART_APPLICATION
ERROR_RESUME_HIBERNATION
ERROR_RETRY
ERROR_RETURN_ADDRESS_HIJACK_ATTEMPT
ERROR_REVISION_MISMATCH
ERROR_RING2SEG_MUST_BE_MOVABLE
ERROR_RING2_STACK_IN_USE
ERROR_RMODE_APP
ERROR_ROWSNOTRELEASED
ERROR_RUNLEVEL_SWITCH_AGENT_TIMEOUT
ERROR_RUNLEVEL_SWITCH_TIMEOUT
ERROR_RWRAW_ENCRYPTED_FILE_NOT_ENCRYPTED
ERROR_RWRAW_ENCRYPTED_INVALID_EDATAINFO_FILEOFFSET
ERROR_RWRAW_ENCRYPTED_INVALID_EDATAINFO_FILERANGE
ERROR_RWRAW_ENCRYPTED_INVALID_EDATAINFO_PARAMETER
ERROR_RXACT_COMMITTED
ERROR_RXACT_COMMIT_FAILURE
ERROR_RXACT_COMMIT_NECESSARY
ERROR_RXACT_INVALID_STATE
ERROR_RXACT_STATE_CREATED
ERROR_SAME_DRIVE
ERROR_SAM_INIT_FAILURE
ERROR_SCOPE_NOT_FOUND
ERROR_SCREEN_ALREADY_LOCKED
ERROR_SCRUB_DATA_DISABLED
ERROR_SECRET_TOO_LONG
ERROR_SECTION_DIRECT_MAP_ONLY
ERROR_SECTOR_NOT_FOUND
ERROR_SECURITY_DENIES_OPERATION
ERROR_SECURITY_STREAM_IS_INCONSISTENT
ERROR_SEEK
ERROR_SEEK_ON_DEVICE
ERROR_SEGMENT_NOTIFICATION
ERROR_SEM_IS_SET
ERROR_SEM_NOT_FOUND
ERROR_SEM_OWNER_DIED
ERROR_SEM_TIMEOUT
ERROR_SEM_USER_LIMIT
ERROR_SERIAL_NO_DEVICE
ERROR_SERVER_DISABLED
ERROR_SERVER_HAS_OPEN_HANDLES
ERROR_SERVER_NOT_DISABLED
ERROR_SERVER_SHUTDOWN_IN_PROGRESS
ERROR_SERVER_SID_MISMATCH
ERROR_SERVER_TRANSPORT_CONFLICT
ERROR_SERVICE_ALREADY_RUNNING
ERROR_SERVICE_CANNOT_ACCEPT_CTRL
ERROR_SERVICE_DATABASE_LOCKED
ERROR_SERVICE_DEPENDENCY_DELETED
ERROR_SERVICE_DEPENDENCY_FAIL
ERROR_SERVICE_DISABLED
ERROR_SERVICE_DOES_NOT_EXIST
ERROR_SERVICE_EXISTS
ERROR_SERVICE_LOGON_FAILED
ERROR_SERVICE_MARKED_FOR_DELETE
ERROR_SERVICE_NEVER_STARTED
ERROR_SERVICE_NOTIFICATION
ERROR_SERVICE_NOTIFY_CLIENT_LAGGING
ERROR_SERVICE_NOT_ACTIVE
ERROR_SERVICE_NOT_FOUND
ERROR_SERVICE_NOT_IN_EXE
ERROR_SERVICE_NO_THREAD
ERROR_SERVICE_REQUEST_TIMEOUT
ERROR_SERVICE_SPECIFIC_ERROR
ERROR_SERVICE_START_HANG
ERROR_SESSION_CREDENTIAL_CONFLICT
ERROR_SESSION_KEY_TOO_SHORT
ERROR_SETCOUNT_ON_BAD_LB
ERROR_SETMARK_DETECTED
ERROR_SET_CONTEXT_DENIED
ERROR_SET_NOT_FOUND
ERROR_SET_POWER_STATE_FAILED
ERROR_SET_POWER_STATE_VETOED
ERROR_SHARED_POLICY
ERROR_SHARING_BUFFER_EXCEEDED
ERROR_SHARING_PAUSED
ERROR_SHARING_VIOLATION
ERROR_SHORT_NAMES_NOT_ENABLED_ON_VOLUME
ERROR_SHUTDOWN_DISKS_NOT_IN_MAINTENANCE_MODE
ERROR_SHUTDOWN_IN_PROGRESS
ERROR_SHUTDOWN_IS_SCHEDULED
ERROR_SHUTDOWN_USERS_LOGGED_ON
ERROR_SIGNAL_PENDING
ERROR_SIGNAL_REFUSED
ERROR_SINGLE_INSTANCE_APP
ERROR_SMARTCARD_SUBSYSTEM_FAILURE
ERROR_SMB1_NOT_AVAILABLE
ERROR_SMB_GUEST_LOGON_BLOCKED
ERROR_SMR_GARBAGE_COLLECTION_REQUIRED
ERROR_SOME_NOT_MAPPED
ERROR_SOURCE_ELEMENT_EMPTY
ERROR_SPARSE_FILE_NOT_SUPPORTED
ERROR_SPECIAL_ACCOUNT
ERROR_SPECIAL_GROUP
ERROR_SPECIAL_USER
ERROR_SRC_SRV_DLL_LOAD_FAILED
ERROR_STACK_BUFFER_OVERRUN
ERROR_STACK_OVERFLOW
ERROR_STACK_OVERFLOW_READ
ERROR_STOPPED_ON_SYMLINK
ERROR_STORAGE_LOST_DATA_PERSISTENCE
ERROR_STORAGE_RESERVE_ALREADY_EXISTS
ERROR_STORAGE_RESERVE_DOES_NOT_EXIST
ERROR_STORAGE_RESERVE_ID_INVALID
ERROR_STORAGE_RESERVE_NOT_EMPTY
ERROR_STORAGE_STACK_ACCESS_DENIED
ERROR_STORAGE_TOPOLOGY_ID_MISMATCH
ERROR_STRICT_CFG_VIOLATION
ERROR_SUBST_TO_JOIN
ERROR_SUBST_TO_SUBST
ERROR_SUCCESS
ERROR_SUCCESS_REBOOT_INITIATED
ERROR_SWAPERROR
ERROR_SYMLINK_CLASS_DISABLED
ERROR_SYMLINK_NOT_SUPPORTED
ERROR_SYNCHRONIZATION_REQUIRED
ERROR_SYNC_FOREGROUND_REFRESH_REQUIRED
ERROR_SYSTEM_HIVE_TOO_LARGE
ERROR_SYSTEM_IMAGE_BAD_SIGNATURE
ERROR_SYSTEM_POWERSTATE_COMPLEX_TRANSITION
ERROR_SYSTEM_POWERSTATE_TRANSITION
ERROR_SYSTEM_PROCESS_TERMINATED
ERROR_SYSTEM_SHUTDOWN
ERROR_SYSTEM_TRACE
ERROR_THREAD_1_INACTIVE
ERROR_THREAD_ALREADY_IN_TASK
ERROR_THREAD_MODE_ALREADY_BACKGROUND
ERROR_THREAD_MODE_NOT_BACKGROUND
ERROR_THREAD_NOT_IN_PROCESS
ERROR_THREAD_WAS_SUSPENDED
ERROR_TIMEOUT
ERROR_TIMER_NOT_CANCELED
ERROR_TIMER_RESOLUTION_NOT_SET
ERROR_TIMER_RESUME_IGNORED
ERROR_TIME_SENSITIVE_THREAD
ERROR_TIME_SKEW
ERROR_TLW_WITH_WSCHILD
ERROR_TOKEN_ALREADY_IN_USE
ERROR_TOO_MANY_CMDS
ERROR_TOO_MANY_CONTEXT_IDS
ERROR_TOO_MANY_DESCRIPTORS
ERROR_TOO_MANY_LINKS
ERROR_TOO_MANY_LUIDS_REQUESTED
ERROR_TOO_MANY_MODULES
ERROR_TOO_MANY_MUXWAITERS
ERROR_TOO_MANY_NAMES
ERROR_TOO_MANY_OPEN_FILES
ERROR_TOO_MANY_POSTS
ERROR_TOO_MANY_SECRETS
ERROR_TOO_MANY_SEMAPHORES
ERROR_TOO_MANY_SEM_REQUESTS
ERROR_TOO_MANY_SESS
ERROR_TOO_MANY_SIDS
ERROR_TOO_MANY_TCBS
ERROR_TOO_MANY_THREADS
ERROR_TRANSLATION_COMPLETE
ERROR_TRUSTED_DOMAIN_FAILURE
ERROR_TRUSTED_RELATIONSHIP_FAILURE
ERROR_TRUST_FAILURE
ERROR_UNABLE_TO_LOCK_MEDIA
ERROR_UNABLE_TO_MOVE_REPLACEMENT
ERROR_UNABLE_TO_MOVE_REPLACEMENT_2
ERROR_UNABLE_TO_REMOVE_REPLACED
ERROR_UNABLE_TO_UNLOAD_MEDIA
ERROR_UNDEFINED_CHARACTER
ERROR_UNDEFINED_SCOPE
ERROR_UNEXPECTED_MM_CREATE_ERR
ERROR_UNEXPECTED_MM_EXTEND_ERR
ERROR_UNEXPECTED_MM_MAP_ERROR
ERROR_UNEXPECTED_NTCACHEMANAGER_ERROR
ERROR_UNEXP_NET_ERR
ERROR_UNHANDLED_EXCEPTION
ERROR_UNIDENTIFIED_ERROR
ERROR_UNKNOWN_COMPONENT
ERROR_UNKNOWN_FEATURE
ERROR_UNKNOWN_PATCH
ERROR_UNKNOWN_PORT
ERROR_UNKNOWN_PRINTER_DRIVER
ERROR_UNKNOWN_PRINTPROCESSOR
ERROR_UNKNOWN_PRODUCT
ERROR_UNKNOWN_PROPERTY
ERROR_UNKNOWN_REVISION
ERROR_UNRECOGNIZED_MEDIA
ERROR_UNRECOGNIZED_VOLUME
ERROR_UNSATISFIED_DEPENDENCIES
ERROR_UNSUPPORTED_COMPRESSION
ERROR_UNSUPPORTED_TYPE
ERROR_UNTRUSTED_MOUNT_POINT
ERROR_UNWIND
ERROR_UNWIND_CONSOLIDATE
ERROR_USER_APC
ERROR_USER_DELETE_TRUST_QUOTA_EXCEEDED
ERROR_USER_EXISTS
ERROR_USER_MAPPED_FILE
ERROR_USER_PROFILE_LOAD
ERROR_VALIDATE_CONTINUE
ERROR_VC_DISCONNECTED
ERROR_VDM_DISALLOWED
ERROR_VDM_HARD_ERROR
ERROR_VERIFIER_STOP
ERROR_VERSION_PARSE_ERROR
ERROR_VIRUS_DELETED
ERROR_VIRUS_INFECTED
ERROR_VOLSNAP_HIBERNATE_READY
ERROR_VOLSNAP_PREPARE_HIBERNATE
ERROR_VOLUME_MOUNTED
ERROR_VOLUME_NOT_CLUSTER_ALIGNED
ERROR_VOLUME_NOT_SIS_ENABLED
ERROR_VOLUME_NOT_SUPPORTED
ERROR_VOLUME_NOT_SUPPORT_EFS
ERROR_VOLUME_WRITE_ACCESS_DENIED
ERROR_WAIT_1
ERROR_WAIT_2
ERROR_WAIT_3
ERROR_WAIT_63
ERROR_WAIT_FOR_OPLOCK
ERROR_WAIT_NO_CHILDREN
ERROR_WAKE_SYSTEM
ERROR_WAKE_SYSTEM_DEBUGGER
ERROR_WAS_LOCKED
ERROR_WAS_UNLOCKED
ERROR_WEAK_WHFBKEY_BLOCKED
ERROR_WINDOW_NOT_COMBOBOX
ERROR_WINDOW_NOT_DIALOG
ERROR_WINDOW_OF_OTHER_THREAD
ERROR_WIP_ENCRYPTION_FAILED
ERROR_WOF_FILE_RESOURCE_TABLE_CORRUPT
ERROR_WOF_WIM_HEADER_CORRUPT
ERROR_WOF_WIM_RESOURCE_TABLE_CORRUPT
ERROR_WORKING_SET_QUOTA
ERROR_WOW_ASSERTION
ERROR_WRITE_FAULT
ERROR_WRITE_PROTECT
ERROR_WRONG_COMPARTMENT
ERROR_WRONG_DISK
ERROR_WRONG_EFS
ERROR_WRONG_PASSWORD
ERROR_WRONG_TARGET_NAME
ERROR_WX86_ERROR
ERROR_WX86_WARNING
ERROR_XMLDSIG_ERROR
ERROR_XML_PARSE_ERROR
NO_ERROR
WSABASEERR
WSAEACCES
WSAEADDRINUSE
WSAEADDRNOTAVAIL
WSAEAFNOSUPPORT
WSAEALREADY
WSAEBADF
WSAECANCELLED
WSAECONNABORTED
WSAECONNREFUSED
WSAECONNRESET
WSAEDESTADDRREQ
WSAEDISCON
WSAEDQUOT
WSAEFAULT
WSAEHOSTDOWN
WSAEHOSTUNREACH
WSAEINPROGRESS
WSAEINTR
WSAEINVAL
WSAEINVALIDPROCTABLE
WSAEINVALIDPROVIDER
WSAEISCONN
WSAELOOP
WSAEMFILE
WSAEMSGSIZE
WSAENAMETOOLONG
WSAENETDOWN
WSAENETRESET
WSAENETUNREACH
WSAENOBUFS
WSAENOMORE
WSAENOPROTOOPT
WSAENOTCONN
WSAENOTEMPTY
WSAENOTSOCK
WSAEOPNOTSUPP
WSAEPFNOSUPPORT
WSAEPROCLIM
WSAEPROTONOSUPPORT
WSAEPROTOTYPE
WSAEPROVIDERFAILEDINIT
WSAEREFUSED
WSAEREMOTE
WSAESHUTDOWN
WSAESOCKTNOSUPPORT
WSAESTALE
WSAETIMEDOUT
WSAETOOMANYREFS
WSAEUSERS
WSAEWOULDBLOCK
WSAHOST_NOT_FOUND
WSANOTINITIALISED
WSANO_DATA
WSANO_RECOVERY
WSASERVICE_NOT_FOUND
WSASYSCALLFAILURE
WSASYSNOTREADY
WSATRY_AGAIN
WSATYPE_NOT_FOUND
WSAVERNOTSUPPORTED
WSA_E_CANCELLED
WSA_E_NO_MORE
WSA_INVALID_HANDLE
WSA_INVALID_PARAMETER
WSA_IO_INCOMPLETE
WSA_IO_PENDING
WSA_IPSEC_NAME_POLICY_ERROR
WSA_NOT_ENOUGH_MEMORY
WSA_OPERATION_ABORTED
WSA_QOS_ADMISSION_FAILURE
WSA_QOS_BAD_OBJECT
WSA_QOS_BAD_STYLE
WSA_QOS_EFILTERCOUNT
WSA_QOS_EFILTERSTYLE
WSA_QOS_EFILTERTYPE
WSA_QOS_EFLOWCOUNT
WSA_QOS_EFLOWDESC
WSA_QOS_EFLOWSPEC
WSA_QOS_EOBJLENGTH
WSA_QOS_EPOLICYOBJ
WSA_QOS_EPROVSPECBUF
WSA_QOS_EPSFILTERSPEC
WSA_QOS_EPSFLOWSPEC
WSA_QOS_ESDMODEOBJ
WSA_QOS_ESERVICETYPE
WSA_QOS_ESHAPERATEOBJ
WSA_QOS_EUNKOWNPSOBJ
WSA_QOS_GENERIC_ERROR
WSA_QOS_NO_RECEIVERS
WSA_QOS_NO_SENDERS
WSA_QOS_POLICY_FAILURE
WSA_QOS_RECEIVERS
WSA_QOS_REQUEST_CONFIRMED
WSA_QOS_RESERVED_PETYPE
WSA_QOS_SENDERS
WSA_QOS_TRAFFIC_CTRL_ERROR
WSA_SECURE_HOST_NOT_FOUND
WSA_WAIT_EVENT_0
WSA_WAIT_IO_COMPLETION